0 verbose cli C:\Program Files\nodejs\node.exe C:\Users\jahumada\AppData\Roaming\npm\node_modules\npm\bin\npm-cli.js
1 info using npm@9.4.1
2 info using node@v18.14.0
3 timing npm:load:whichnode Completed in 1ms
4 timing config:load:defaults Completed in 1ms
5 timing config:load:file:C:\Users\jahumada\AppData\Roaming\npm\node_modules\npm\npmrc Completed in 2ms
6 timing config:load:builtin Completed in 2ms
7 timing config:load:cli Completed in 1ms
8 timing config:load:env Completed in 1ms
9 timing config:load:file:C:\node\07-restserver\.npmrc Completed in 0ms
10 timing config:load:project Completed in 1ms
11 timing config:load:file:C:\Users\jahumada\.npmrc Completed in 1ms
12 timing config:load:user Completed in 1ms
13 timing config:load:file:C:\Users\jahumada\AppData\Roaming\npm\etc\npmrc Completed in 2ms
14 timing config:load:global Completed in 2ms
15 timing config:load:setEnvs Completed in 1ms
16 timing config:load Completed in 10ms
17 timing npm:load:configload Completed in 10ms
18 timing npm:load:mkdirpcache Completed in 0ms
19 timing npm:load:mkdirplogs Completed in 0ms
20 verbose title npm ci
21 verbose argv "ci" "--cache" ".npm" "--prefer-offline"
22 timing npm:load:setTitle Completed in 1ms
23 timing config:load:flatten Completed in 3ms
24 timing npm:load:display Completed in 3ms
25 verbose logfile logs-max:10 dir:C:\node\07-restserver\.npm\_logs\2023-03-02T19_19_11_290Z-
26 verbose logfile C:\node\07-restserver\.npm\_logs\2023-03-02T19_19_11_290Z-debug-0.log
27 timing npm:load:logFile Completed in 12ms
28 timing npm:load:timers Completed in 0ms
29 timing npm:load:configScope Completed in 0ms
30 timing npm:load Completed in 28ms
31 timing arborist:ctor Completed in 1ms
32 silly logfile done cleaning log files
33 timing idealTree:init Completed in 3ms
34 timing idealTree:userRequests Completed in 0ms
35 silly idealTree buildDeps
36 timing idealTree:#root Completed in 0ms
37 timing idealTree:buildDeps Completed in 0ms
38 timing idealTree:fixDepFlags Completed in 0ms
39 timing idealTree Completed in 9ms
40 timing npm-ci:rm Completed in 3306ms
41 timing reify:loadTrees Completed in 13ms
42 timing reify:diffTrees Completed in 14ms
43 silly reify moves {}
44 timing reify:retireShallow Completed in 4ms
45 timing reify:createSparse Completed in 99ms
46 timing reify:loadBundles Completed in 0ms
47 silly audit bulk request {
47 silly audit   '@aws-crypto/ie11-detection': [ '3.0.0' ],
47 silly audit   tslib: [ '1.14.1', '2.5.0' ],
47 silly audit   '@aws-crypto/sha256-browser': [ '3.0.0' ],
47 silly audit   '@aws-crypto/sha256-js': [ '3.0.0' ],
47 silly audit   '@aws-crypto/supports-web-crypto': [ '3.0.0' ],
47 silly audit   '@aws-crypto/util': [ '3.0.0' ],
47 silly audit   '@aws-sdk/abort-controller': [ '3.272.0' ],
47 silly audit   '@aws-sdk/client-cognito-identity': [ '3.272.0' ],
47 silly audit   '@aws-sdk/client-sso': [ '3.272.0' ],
47 silly audit   '@aws-sdk/client-sso-oidc': [ '3.272.0' ],
47 silly audit   '@aws-sdk/client-sts': [ '3.272.0' ],
47 silly audit   '@aws-sdk/config-resolver': [ '3.272.0' ],
47 silly audit   '@aws-sdk/credential-provider-cognito-identity': [ '3.272.0' ],
47 silly audit   '@aws-sdk/credential-provider-env': [ '3.272.0' ],
47 silly audit   '@aws-sdk/credential-provider-imds': [ '3.272.0' ],
47 silly audit   '@aws-sdk/credential-provider-ini': [ '3.272.0' ],
47 silly audit   '@aws-sdk/credential-provider-node': [ '3.272.0' ],
47 silly audit   '@aws-sdk/credential-provider-process': [ '3.272.0' ],
47 silly audit   '@aws-sdk/credential-provider-sso': [ '3.272.0' ],
47 silly audit   '@aws-sdk/credential-provider-web-identity': [ '3.272.0' ],
47 silly audit   '@aws-sdk/credential-providers': [ '3.272.0' ],
47 silly audit   '@aws-sdk/fetch-http-handler': [ '3.272.0' ],
47 silly audit   '@aws-sdk/hash-node': [ '3.272.0' ],
47 silly audit   '@aws-sdk/invalid-dependency': [ '3.272.0' ],
47 silly audit   '@aws-sdk/is-array-buffer': [ '3.201.0' ],
47 silly audit   '@aws-sdk/middleware-content-length': [ '3.272.0' ],
47 silly audit   '@aws-sdk/middleware-endpoint': [ '3.272.0' ],
47 silly audit   '@aws-sdk/middleware-host-header': [ '3.272.0' ],
47 silly audit   '@aws-sdk/middleware-logger': [ '3.272.0' ],
47 silly audit   '@aws-sdk/middleware-recursion-detection': [ '3.272.0' ],
47 silly audit   '@aws-sdk/middleware-retry': [ '3.272.0' ],
47 silly audit   '@aws-sdk/middleware-sdk-sts': [ '3.272.0' ],
47 silly audit   '@aws-sdk/middleware-serde': [ '3.272.0' ],
47 silly audit   '@aws-sdk/middleware-signing': [ '3.272.0' ],
47 silly audit   '@aws-sdk/middleware-stack': [ '3.272.0' ],
47 silly audit   '@aws-sdk/middleware-user-agent': [ '3.272.0' ],
47 silly audit   '@aws-sdk/node-config-provider': [ '3.272.0' ],
47 silly audit   '@aws-sdk/node-http-handler': [ '3.272.0' ],
47 silly audit   '@aws-sdk/property-provider': [ '3.272.0' ],
47 silly audit   '@aws-sdk/protocol-http': [ '3.272.0' ],
47 silly audit   '@aws-sdk/querystring-builder': [ '3.272.0' ],
47 silly audit   '@aws-sdk/querystring-parser': [ '3.272.0' ],
47 silly audit   '@aws-sdk/service-error-classification': [ '3.272.0' ],
47 silly audit   '@aws-sdk/shared-ini-file-loader': [ '3.272.0' ],
47 silly audit   '@aws-sdk/signature-v4': [ '3.272.0' ],
47 silly audit   '@aws-sdk/smithy-client': [ '3.272.0' ],
47 silly audit   '@aws-sdk/token-providers': [ '3.272.0' ],
47 silly audit   '@aws-sdk/types': [ '3.272.0' ],
47 silly audit   '@aws-sdk/url-parser': [ '3.272.0' ],
47 silly audit   '@aws-sdk/util-base64': [ '3.208.0' ],
47 silly audit   '@aws-sdk/util-body-length-browser': [ '3.188.0' ],
47 silly audit   '@aws-sdk/util-body-length-node': [ '3.208.0' ],
47 silly audit   '@aws-sdk/util-buffer-from': [ '3.208.0' ],
47 silly audit   '@aws-sdk/util-config-provider': [ '3.208.0' ],
47 silly audit   '@aws-sdk/util-defaults-mode-browser': [ '3.272.0' ],
47 silly audit   '@aws-sdk/util-defaults-mode-node': [ '3.272.0' ],
47 silly audit   '@aws-sdk/util-endpoints': [ '3.272.0' ],
47 silly audit   '@aws-sdk/util-hex-encoding': [ '3.201.0' ],
47 silly audit   '@aws-sdk/util-locate-window': [ '3.208.0' ],
47 silly audit   '@aws-sdk/util-middleware': [ '3.272.0' ],
47 silly audit   '@aws-sdk/util-retry': [ '3.272.0' ],
47 silly audit   '@aws-sdk/util-uri-escape': [ '3.201.0' ],
47 silly audit   '@aws-sdk/util-user-agent-browser': [ '3.272.0' ],
47 silly audit   '@aws-sdk/util-user-agent-node': [ '3.272.0' ],
47 silly audit   '@aws-sdk/util-utf8': [ '3.254.0' ],
47 silly audit   '@aws-sdk/util-utf8-browser': [ '3.259.0' ],
47 silly audit   '@types/node': [ '18.14.0' ],
47 silly audit   '@types/webidl-conversions': [ '7.0.0' ],
47 silly audit   '@types/whatwg-url': [ '8.2.2' ],
47 silly audit   accepts: [ '1.3.8' ],
47 silly audit   'agent-base': [ '6.0.2' ],
47 silly audit   debug: [ '4.3.4', '2.6.9' ],
47 silly audit   ms: [ '2.1.2', '2.1.3', '2.0.0' ],
47 silly audit   'array-flatten': [ '1.1.1' ],
47 silly audit   arrify: [ '2.0.1' ],
47 silly audit   'base64-js': [ '1.5.1' ],
47 silly audit   bcryptjs: [ '2.4.3' ],
47 silly audit   'bignumber.js': [ '9.1.1' ],
47 silly audit   'body-parser': [ '1.20.1' ],
47 silly audit   bowser: [ '2.11.0' ],
47 silly audit   bson: [ '4.7.2' ],
47 silly audit   buffer: [ '5.7.1' ],
47 silly audit   'buffer-equal-constant-time': [ '1.0.1' ],
47 silly audit   bytes: [ '3.1.2' ],
47 silly audit   'call-bind': [ '1.0.2' ],
47 silly audit   'content-disposition': [ '0.5.4' ],
47 silly audit   'content-type': [ '1.0.5' ],
47 silly audit   cookie: [ '0.5.0' ],
47 silly audit   'cookie-signature': [ '1.0.6' ],
47 silly audit   cors: [ '2.8.5' ],
47 silly audit   depd: [ '2.0.0' ],
47 silly audit   destroy: [ '1.2.0' ],
47 silly audit   dotenv: [ '16.0.3' ],
47 silly audit   'ecdsa-sig-formatter': [ '1.0.11' ],
47 silly audit   'ee-first': [ '1.1.1' ],
47 silly audit   encodeurl: [ '1.0.2' ],
47 silly audit   'escape-html': [ '1.0.3' ],
47 silly audit   etag: [ '1.8.1' ],
47 silly audit   express: [ '4.18.2' ],
47 silly audit   'express-validator': [ '6.15.0' ],
47 silly audit   extend: [ '3.0.2' ],
47 silly audit   'fast-text-encoding': [ '1.0.6' ],
47 silly audit   'fast-xml-parser': [ '4.0.11' ],
47 silly audit   finalhandler: [ '1.2.0' ],
47 silly audit   forwarded: [ '0.2.0' ],
47 silly audit   fresh: [ '0.5.2' ],
47 silly audit   'function-bind': [ '1.1.1' ],
47 silly audit   gaxios: [ '5.0.2' ],
47 silly audit   'gcp-metadata': [ '5.2.0' ],
47 silly audit   'get-intrinsic': [ '1.2.0' ],
47 silly audit   'google-auth-library': [ '8.7.0' ],
47 silly audit   jwa: [ '2.0.0', '1.4.1' ],
47 silly audit   jws: [ '4.0.0', '3.2.2' ],
47 silly audit   'google-p12-pem': [ '4.0.1' ],
47 silly audit   gtoken: [ '6.1.2' ],
47 silly audit   has: [ '1.0.3' ],
47 silly audit   'has-symbols': [ '1.0.3' ],
47 silly audit   'http-errors': [ '2.0.0' ],
47 silly audit   'https-proxy-agent': [ '5.0.1' ],
47 silly audit   'iconv-lite': [ '0.4.24' ],
47 silly audit   ieee754: [ '1.2.1' ],
47 silly audit   inherits: [ '2.0.4' ],
47 silly audit   ip: [ '2.0.0' ],
47 silly audit   'ipaddr.js': [ '1.9.1' ],
47 silly audit   'is-stream': [ '2.0.1' ],
47 silly audit   'json-bigint': [ '1.0.0' ],
47 silly audit   jsonwebtoken: [ '9.0.0' ],
47 silly audit   kareem: [ '2.5.1' ],
47 silly audit   lodash: [ '4.17.21' ],
47 silly audit   'lru-cache': [ '6.0.0' ],
47 silly audit   'media-typer': [ '0.3.0' ],
47 silly audit   'memory-pager': [ '1.5.0' ],
47 silly audit   'merge-descriptors': [ '1.0.1' ],
47 silly audit   methods: [ '1.1.2' ],
47 silly audit   mime: [ '1.6.0' ],
47 silly audit   'mime-db': [ '1.52.0' ],
47 silly audit   'mime-types': [ '2.1.35' ],
47 silly audit   mongodb: [ '4.13.0' ],
47 silly audit   'mongodb-connection-string-url': [ '2.6.0' ],
47 silly audit   mongoose: [ '6.9.2' ],
47 silly audit   mpath: [ '0.9.0' ],
47 silly audit   mquery: [ '4.0.3' ],
47 silly audit   negotiator: [ '0.6.3' ],
47 silly audit   'node-fetch': [ '2.6.9' ],
47 silly audit   tr46: [ '0.0.3', '3.0.0' ],
47 silly audit   'webidl-conversions': [ '3.0.1', '7.0.0' ],
47 silly audit   'whatwg-url': [ '5.0.0', '11.0.0' ],
47 silly audit   'node-forge': [ '1.3.1' ],
47 silly audit   'object-assign': [ '4.1.1' ],
47 silly audit   'object-inspect': [ '1.12.3' ],
47 silly audit   'on-finished': [ '2.4.1' ],
47 silly audit   parseurl: [ '1.3.3' ],
47 silly audit   'path-to-regexp': [ '0.1.7' ],
47 silly audit   'proxy-addr': [ '2.0.7' ],
47 silly audit   punycode: [ '2.3.0' ],
47 silly audit   qs: [ '6.11.0' ],
47 silly audit   'range-parser': [ '1.2.1' ],
47 silly audit   'raw-body': [ '2.5.1' ],
47 silly audit   'safe-buffer': [ '5.2.1' ],
47 silly audit   'safer-buffer': [ '2.1.2' ],
47 silly audit   saslprep: [ '1.0.3' ],
47 silly audit   semver: [ '7.3.8' ],
47 silly audit   send: [ '0.18.0' ],
47 silly audit   'serve-static': [ '1.15.0' ],
47 silly audit   setprototypeof: [ '1.2.0' ],
47 silly audit   'side-channel': [ '1.0.4' ],
47 silly audit   sift: [ '16.0.1' ],
47 silly audit   'smart-buffer': [ '4.2.0' ],
47 silly audit   socks: [ '2.7.1' ],
47 silly audit   'sparse-bitfield': [ '3.0.3' ],
47 silly audit   statuses: [ '2.0.1' ],
47 silly audit   strnum: [ '1.0.5' ],
47 silly audit   toidentifier: [ '1.0.1' ],
47 silly audit   'type-is': [ '1.6.18' ],
47 silly audit   unpipe: [ '1.0.0' ],
47 silly audit   'utils-merge': [ '1.0.1' ],
47 silly audit   uuid: [ '8.3.2' ],
47 silly audit   validator: [ '13.9.0' ],
47 silly audit   vary: [ '1.1.2' ],
47 silly audit   yallist: [ '4.0.0' ]
47 silly audit }
48 silly tarball no local data for whatwg-url@https://registry.npmjs.org/whatwg-url/-/whatwg-url-11.0.0.tgz. Extracting by manifest.
49 silly tarball no local data for yallist@https://registry.npmjs.org/yallist/-/yallist-4.0.0.tgz. Extracting by manifest.
50 silly tarball no local data for webidl-conversions@https://registry.npmjs.org/webidl-conversions/-/webidl-conversions-7.0.0.tgz. Extracting by manifest.
51 silly tarball no local data for vary@https://registry.npmjs.org/vary/-/vary-1.1.2.tgz. Extracting by manifest.
52 silly tarball no local data for uuid@https://registry.npmjs.org/uuid/-/uuid-8.3.2.tgz. Extracting by manifest.
53 silly tarball no local data for validator@https://registry.npmjs.org/validator/-/validator-13.9.0.tgz. Extracting by manifest.
54 silly tarball no local data for unpipe@https://registry.npmjs.org/unpipe/-/unpipe-1.0.0.tgz. Extracting by manifest.
55 silly tarball no local data for type-is@https://registry.npmjs.org/type-is/-/type-is-1.6.18.tgz. Extracting by manifest.
56 silly tarball no local data for tslib@https://registry.npmjs.org/tslib/-/tslib-2.5.0.tgz. Extracting by manifest.
57 silly tarball no local data for tr46@https://registry.npmjs.org/tr46/-/tr46-3.0.0.tgz. Extracting by manifest.
58 silly tarball no local data for strnum@https://registry.npmjs.org/strnum/-/strnum-1.0.5.tgz. Extracting by manifest.
59 silly tarball no local data for toidentifier@https://registry.npmjs.org/toidentifier/-/toidentifier-1.0.1.tgz. Extracting by manifest.
60 silly tarball no local data for sparse-bitfield@https://registry.npmjs.org/sparse-bitfield/-/sparse-bitfield-3.0.3.tgz. Extracting by manifest.
61 silly tarball no local data for statuses@https://registry.npmjs.org/statuses/-/statuses-2.0.1.tgz. Extracting by manifest.
62 silly tarball no local data for socks@https://registry.npmjs.org/socks/-/socks-2.7.1.tgz. Extracting by manifest.
63 silly tarball no local data for smart-buffer@https://registry.npmjs.org/smart-buffer/-/smart-buffer-4.2.0.tgz. Extracting by manifest.
64 silly tarball no local data for side-channel@https://registry.npmjs.org/side-channel/-/side-channel-1.0.4.tgz. Extracting by manifest.
65 silly tarball no local data for sift@https://registry.npmjs.org/sift/-/sift-16.0.1.tgz. Extracting by manifest.
66 silly tarball no local data for setprototypeof@https://registry.npmjs.org/setprototypeof/-/setprototypeof-1.2.0.tgz. Extracting by manifest.
67 silly tarball no local data for serve-static@https://registry.npmjs.org/serve-static/-/serve-static-1.15.0.tgz. Extracting by manifest.
68 silly tarball no local data for send@https://registry.npmjs.org/send/-/send-0.18.0.tgz. Extracting by manifest.
69 silly tarball no local data for semver@https://registry.npmjs.org/semver/-/semver-7.3.8.tgz. Extracting by manifest.
70 silly tarball no local data for saslprep@https://registry.npmjs.org/saslprep/-/saslprep-1.0.3.tgz. Extracting by manifest.
71 silly tarball no local data for safer-buffer@https://registry.npmjs.org/safer-buffer/-/safer-buffer-2.1.2.tgz. Extracting by manifest.
72 silly tarball no local data for raw-body@https://registry.npmjs.org/raw-body/-/raw-body-2.5.1.tgz. Extracting by manifest.
73 silly tarball no local data for range-parser@https://registry.npmjs.org/range-parser/-/range-parser-1.2.1.tgz. Extracting by manifest.
74 silly tarball no local data for safe-buffer@https://registry.npmjs.org/safe-buffer/-/safe-buffer-5.2.1.tgz. Extracting by manifest.
75 silly tarball no local data for qs@https://registry.npmjs.org/qs/-/qs-6.11.0.tgz. Extracting by manifest.
76 silly tarball no local data for punycode@https://registry.npmjs.org/punycode/-/punycode-2.3.0.tgz. Extracting by manifest.
77 silly tarball no local data for proxy-addr@https://registry.npmjs.org/proxy-addr/-/proxy-addr-2.0.7.tgz. Extracting by manifest.
78 silly tarball no local data for path-to-regexp@https://registry.npmjs.org/path-to-regexp/-/path-to-regexp-0.1.7.tgz. Extracting by manifest.
79 silly tarball no local data for parseurl@https://registry.npmjs.org/parseurl/-/parseurl-1.3.3.tgz. Extracting by manifest.
80 silly tarball no local data for on-finished@https://registry.npmjs.org/on-finished/-/on-finished-2.4.1.tgz. Extracting by manifest.
81 silly tarball no local data for object-inspect@https://registry.npmjs.org/object-inspect/-/object-inspect-1.12.3.tgz. Extracting by manifest.
82 silly tarball no local data for object-assign@https://registry.npmjs.org/object-assign/-/object-assign-4.1.1.tgz. Extracting by manifest.
83 silly tarball no local data for node-forge@https://registry.npmjs.org/node-forge/-/node-forge-1.3.1.tgz. Extracting by manifest.
84 silly tarball no local data for node-fetch@https://registry.npmjs.org/node-fetch/-/node-fetch-2.6.9.tgz. Extracting by manifest.
85 silly tarball no local data for negotiator@https://registry.npmjs.org/negotiator/-/negotiator-0.6.3.tgz. Extracting by manifest.
86 silly tarball no local data for utils-merge@https://registry.npmjs.org/utils-merge/-/utils-merge-1.0.1.tgz. Extracting by manifest.
87 silly tarball no local data for ms@https://registry.npmjs.org/ms/-/ms-2.0.0.tgz. Extracting by manifest.
88 silly tarball no local data for mquery@https://registry.npmjs.org/mquery/-/mquery-4.0.3.tgz. Extracting by manifest.
89 silly tarball no local data for mongoose@https://registry.npmjs.org/mongoose/-/mongoose-6.9.2.tgz. Extracting by manifest.
90 silly tarball no local data for mongodb-connection-string-url@https://registry.npmjs.org/mongodb-connection-string-url/-/mongodb-connection-string-url-2.6.0.tgz. Extracting by manifest.
91 silly tarball no local data for mpath@https://registry.npmjs.org/mpath/-/mpath-0.9.0.tgz. Extracting by manifest.
92 silly tarball no local data for mongodb@https://registry.npmjs.org/mongodb/-/mongodb-4.13.0.tgz. Extracting by manifest.
93 silly tarball no local data for mime@https://registry.npmjs.org/mime/-/mime-1.6.0.tgz. Extracting by manifest.
94 silly tarball no local data for mime-types@https://registry.npmjs.org/mime-types/-/mime-types-2.1.35.tgz. Extracting by manifest.
95 silly tarball no local data for mime-db@https://registry.npmjs.org/mime-db/-/mime-db-1.52.0.tgz. Extracting by manifest.
96 silly tarball no local data for methods@https://registry.npmjs.org/methods/-/methods-1.1.2.tgz. Extracting by manifest.
97 silly tarball no local data for merge-descriptors@https://registry.npmjs.org/merge-descriptors/-/merge-descriptors-1.0.1.tgz. Extracting by manifest.
98 silly tarball no local data for memory-pager@https://registry.npmjs.org/memory-pager/-/memory-pager-1.5.0.tgz. Extracting by manifest.
99 silly tarball no local data for media-typer@https://registry.npmjs.org/media-typer/-/media-typer-0.3.0.tgz. Extracting by manifest.
100 silly tarball no local data for lodash@https://registry.npmjs.org/lodash/-/lodash-4.17.21.tgz. Extracting by manifest.
101 silly tarball no local data for lru-cache@https://registry.npmjs.org/lru-cache/-/lru-cache-6.0.0.tgz. Extracting by manifest.
102 silly tarball no local data for jwa@https://registry.npmjs.org/jwa/-/jwa-1.4.1.tgz. Extracting by manifest.
103 silly tarball no local data for kareem@https://registry.npmjs.org/kareem/-/kareem-2.5.1.tgz. Extracting by manifest.
104 silly tarball no local data for jsonwebtoken@https://registry.npmjs.org/jsonwebtoken/-/jsonwebtoken-9.0.0.tgz. Extracting by manifest.
105 silly tarball no local data for json-bigint@https://registry.npmjs.org/json-bigint/-/json-bigint-1.0.0.tgz. Extracting by manifest.
106 silly tarball no local data for is-stream@https://registry.npmjs.org/is-stream/-/is-stream-2.0.1.tgz. Extracting by manifest.
107 silly tarball no local data for ipaddr.js@https://registry.npmjs.org/ipaddr.js/-/ipaddr.js-1.9.1.tgz. Extracting by manifest.
108 silly tarball no local data for inherits@https://registry.npmjs.org/inherits/-/inherits-2.0.4.tgz. Extracting by manifest.
109 silly tarball no local data for ieee754@https://registry.npmjs.org/ieee754/-/ieee754-1.2.1.tgz. Extracting by manifest.
110 silly tarball no local data for ip@https://registry.npmjs.org/ip/-/ip-2.0.0.tgz. Extracting by manifest.
111 silly tarball no local data for iconv-lite@https://registry.npmjs.org/iconv-lite/-/iconv-lite-0.4.24.tgz. Extracting by manifest.
112 silly tarball no local data for https-proxy-agent@https://registry.npmjs.org/https-proxy-agent/-/https-proxy-agent-5.0.1.tgz. Extracting by manifest.
113 silly tarball no local data for http-errors@https://registry.npmjs.org/http-errors/-/http-errors-2.0.0.tgz. Extracting by manifest.
114 silly tarball no local data for has-symbols@https://registry.npmjs.org/has-symbols/-/has-symbols-1.0.3.tgz. Extracting by manifest.
115 silly tarball no local data for has@https://registry.npmjs.org/has/-/has-1.0.3.tgz. Extracting by manifest.
116 silly tarball no local data for gtoken@https://registry.npmjs.org/gtoken/-/gtoken-6.1.2.tgz. Extracting by manifest.
117 silly tarball no local data for google-p12-pem@https://registry.npmjs.org/google-p12-pem/-/google-p12-pem-4.0.1.tgz. Extracting by manifest.
118 silly tarball no local data for google-auth-library@https://registry.npmjs.org/google-auth-library/-/google-auth-library-8.7.0.tgz. Extracting by manifest.
119 silly tarball no local data for gcp-metadata@https://registry.npmjs.org/gcp-metadata/-/gcp-metadata-5.2.0.tgz. Extracting by manifest.
120 silly tarball no local data for gaxios@https://registry.npmjs.org/gaxios/-/gaxios-5.0.2.tgz. Extracting by manifest.
121 silly tarball no local data for fresh@https://registry.npmjs.org/fresh/-/fresh-0.5.2.tgz. Extracting by manifest.
122 silly tarball no local data for function-bind@https://registry.npmjs.org/function-bind/-/function-bind-1.1.1.tgz. Extracting by manifest.
123 silly tarball no local data for forwarded@https://registry.npmjs.org/forwarded/-/forwarded-0.2.0.tgz. Extracting by manifest.
124 silly tarball no local data for finalhandler@https://registry.npmjs.org/finalhandler/-/finalhandler-1.2.0.tgz. Extracting by manifest.
125 silly tarball no local data for fast-xml-parser@https://registry.npmjs.org/fast-xml-parser/-/fast-xml-parser-4.0.11.tgz. Extracting by manifest.
126 silly tarball no local data for fast-text-encoding@https://registry.npmjs.org/fast-text-encoding/-/fast-text-encoding-1.0.6.tgz. Extracting by manifest.
127 silly tarball no local data for extend@https://registry.npmjs.org/extend/-/extend-3.0.2.tgz. Extracting by manifest.
128 silly tarball no local data for express-validator@https://registry.npmjs.org/express-validator/-/express-validator-6.15.0.tgz. Extracting by manifest.
129 silly tarball no local data for express@https://registry.npmjs.org/express/-/express-4.18.2.tgz. Extracting by manifest.
130 silly tarball no local data for etag@https://registry.npmjs.org/etag/-/etag-1.8.1.tgz. Extracting by manifest.
131 silly tarball no local data for escape-html@https://registry.npmjs.org/escape-html/-/escape-html-1.0.3.tgz. Extracting by manifest.
132 silly tarball no local data for encodeurl@https://registry.npmjs.org/encodeurl/-/encodeurl-1.0.2.tgz. Extracting by manifest.
133 silly tarball no local data for ee-first@https://registry.npmjs.org/ee-first/-/ee-first-1.1.1.tgz. Extracting by manifest.
134 silly tarball no local data for ecdsa-sig-formatter@https://registry.npmjs.org/ecdsa-sig-formatter/-/ecdsa-sig-formatter-1.0.11.tgz. Extracting by manifest.
135 silly tarball no local data for dotenv@https://registry.npmjs.org/dotenv/-/dotenv-16.0.3.tgz. Extracting by manifest.
136 silly tarball no local data for destroy@https://registry.npmjs.org/destroy/-/destroy-1.2.0.tgz. Extracting by manifest.
137 silly tarball no local data for depd@https://registry.npmjs.org/depd/-/depd-2.0.0.tgz. Extracting by manifest.
138 silly tarball no local data for debug@https://registry.npmjs.org/debug/-/debug-2.6.9.tgz. Extracting by manifest.
139 silly tarball no local data for cors@https://registry.npmjs.org/cors/-/cors-2.8.5.tgz. Extracting by manifest.
140 silly tarball no local data for cookie-signature@https://registry.npmjs.org/cookie-signature/-/cookie-signature-1.0.6.tgz. Extracting by manifest.
141 silly tarball no local data for cookie@https://registry.npmjs.org/cookie/-/cookie-0.5.0.tgz. Extracting by manifest.
142 silly tarball no local data for content-type@https://registry.npmjs.org/content-type/-/content-type-1.0.5.tgz. Extracting by manifest.
143 silly tarball no local data for content-disposition@https://registry.npmjs.org/content-disposition/-/content-disposition-0.5.4.tgz. Extracting by manifest.
144 silly tarball no local data for bytes@https://registry.npmjs.org/bytes/-/bytes-3.1.2.tgz. Extracting by manifest.
145 silly tarball no local data for call-bind@https://registry.npmjs.org/call-bind/-/call-bind-1.0.2.tgz. Extracting by manifest.
146 silly tarball no local data for buffer-equal-constant-time@https://registry.npmjs.org/buffer-equal-constant-time/-/buffer-equal-constant-time-1.0.1.tgz. Extracting by manifest.
147 silly tarball no local data for buffer@https://registry.npmjs.org/buffer/-/buffer-5.7.1.tgz. Extracting by manifest.
148 silly tarball no local data for bson@https://registry.npmjs.org/bson/-/bson-4.7.2.tgz. Extracting by manifest.
149 silly tarball no local data for bowser@https://registry.npmjs.org/bowser/-/bowser-2.11.0.tgz. Extracting by manifest.
150 silly tarball no local data for body-parser@https://registry.npmjs.org/body-parser/-/body-parser-1.20.1.tgz. Extracting by manifest.
151 silly tarball no local data for bignumber.js@https://registry.npmjs.org/bignumber.js/-/bignumber.js-9.1.1.tgz. Extracting by manifest.
152 silly tarball no local data for bcryptjs@https://registry.npmjs.org/bcryptjs/-/bcryptjs-2.4.3.tgz. Extracting by manifest.
153 silly tarball no local data for base64-js@https://registry.npmjs.org/base64-js/-/base64-js-1.5.1.tgz. Extracting by manifest.
154 silly tarball no local data for arrify@https://registry.npmjs.org/arrify/-/arrify-2.0.1.tgz. Extracting by manifest.
155 silly tarball no local data for array-flatten@https://registry.npmjs.org/array-flatten/-/array-flatten-1.1.1.tgz. Extracting by manifest.
156 silly tarball no local data for agent-base@https://registry.npmjs.org/agent-base/-/agent-base-6.0.2.tgz. Extracting by manifest.
157 silly tarball no local data for @types/whatwg-url@https://registry.npmjs.org/@types/whatwg-url/-/whatwg-url-8.2.2.tgz. Extracting by manifest.
158 silly tarball no local data for @types/webidl-conversions@https://registry.npmjs.org/@types/webidl-conversions/-/webidl-conversions-7.0.0.tgz. Extracting by manifest.
159 silly tarball no local data for accepts@https://registry.npmjs.org/accepts/-/accepts-1.3.8.tgz. Extracting by manifest.
160 silly tarball no local data for @types/node@https://registry.npmjs.org/@types/node/-/node-18.14.0.tgz. Extracting by manifest.
161 silly tarball no local data for @aws-sdk/util-utf8-browser@https://registry.npmjs.org/@aws-sdk/util-utf8-browser/-/util-utf8-browser-3.259.0.tgz. Extracting by manifest.
162 silly tarball no local data for jws@https://registry.npmjs.org/jws/-/jws-3.2.2.tgz. Extracting by manifest.
163 silly tarball no local data for @aws-sdk/util-utf8@https://registry.npmjs.org/@aws-sdk/util-utf8/-/util-utf8-3.254.0.tgz. Extracting by manifest.
164 silly tarball no local data for @aws-sdk/util-user-agent-node@https://registry.npmjs.org/@aws-sdk/util-user-agent-node/-/util-user-agent-node-3.272.0.tgz. Extracting by manifest.
165 silly tarball no local data for @aws-sdk/util-user-agent-browser@https://registry.npmjs.org/@aws-sdk/util-user-agent-browser/-/util-user-agent-browser-3.272.0.tgz. Extracting by manifest.
166 silly tarball no local data for @aws-sdk/util-retry@https://registry.npmjs.org/@aws-sdk/util-retry/-/util-retry-3.272.0.tgz. Extracting by manifest.
167 silly tarball no local data for @aws-sdk/util-uri-escape@https://registry.npmjs.org/@aws-sdk/util-uri-escape/-/util-uri-escape-3.201.0.tgz. Extracting by manifest.
168 silly tarball no local data for @aws-sdk/util-middleware@https://registry.npmjs.org/@aws-sdk/util-middleware/-/util-middleware-3.272.0.tgz. Extracting by manifest.
169 silly tarball no local data for @aws-sdk/util-locate-window@https://registry.npmjs.org/@aws-sdk/util-locate-window/-/util-locate-window-3.208.0.tgz. Extracting by manifest.
170 silly tarball no local data for @aws-sdk/util-hex-encoding@https://registry.npmjs.org/@aws-sdk/util-hex-encoding/-/util-hex-encoding-3.201.0.tgz. Extracting by manifest.
171 silly tarball no local data for @aws-sdk/util-endpoints@https://registry.npmjs.org/@aws-sdk/util-endpoints/-/util-endpoints-3.272.0.tgz. Extracting by manifest.
172 silly tarball no local data for @aws-sdk/util-defaults-mode-node@https://registry.npmjs.org/@aws-sdk/util-defaults-mode-node/-/util-defaults-mode-node-3.272.0.tgz. Extracting by manifest.
173 silly tarball no local data for @aws-sdk/util-defaults-mode-browser@https://registry.npmjs.org/@aws-sdk/util-defaults-mode-browser/-/util-defaults-mode-browser-3.272.0.tgz. Extracting by manifest.
174 silly tarball no local data for @aws-sdk/util-config-provider@https://registry.npmjs.org/@aws-sdk/util-config-provider/-/util-config-provider-3.208.0.tgz. Extracting by manifest.
175 silly tarball no local data for @aws-sdk/util-buffer-from@https://registry.npmjs.org/@aws-sdk/util-buffer-from/-/util-buffer-from-3.208.0.tgz. Extracting by manifest.
176 silly tarball no local data for @aws-sdk/util-body-length-node@https://registry.npmjs.org/@aws-sdk/util-body-length-node/-/util-body-length-node-3.208.0.tgz. Extracting by manifest.
177 silly tarball no local data for @aws-sdk/util-base64@https://registry.npmjs.org/@aws-sdk/util-base64/-/util-base64-3.208.0.tgz. Extracting by manifest.
178 silly tarball no local data for @aws-sdk/util-body-length-browser@https://registry.npmjs.org/@aws-sdk/util-body-length-browser/-/util-body-length-browser-3.188.0.tgz. Extracting by manifest.
179 silly tarball no local data for @aws-sdk/url-parser@https://registry.npmjs.org/@aws-sdk/url-parser/-/url-parser-3.272.0.tgz. Extracting by manifest.
180 silly tarball no local data for @aws-sdk/types@https://registry.npmjs.org/@aws-sdk/types/-/types-3.272.0.tgz. Extracting by manifest.
181 silly tarball no local data for @aws-sdk/token-providers@https://registry.npmjs.org/@aws-sdk/token-providers/-/token-providers-3.272.0.tgz. Extracting by manifest.
182 silly tarball no local data for @aws-sdk/smithy-client@https://registry.npmjs.org/@aws-sdk/smithy-client/-/smithy-client-3.272.0.tgz. Extracting by manifest.
183 silly tarball no local data for @aws-sdk/signature-v4@https://registry.npmjs.org/@aws-sdk/signature-v4/-/signature-v4-3.272.0.tgz. Extracting by manifest.
184 silly tarball no local data for @aws-sdk/shared-ini-file-loader@https://registry.npmjs.org/@aws-sdk/shared-ini-file-loader/-/shared-ini-file-loader-3.272.0.tgz. Extracting by manifest.
185 silly tarball no local data for @aws-sdk/service-error-classification@https://registry.npmjs.org/@aws-sdk/service-error-classification/-/service-error-classification-3.272.0.tgz. Extracting by manifest.
186 silly tarball no local data for @aws-sdk/querystring-parser@https://registry.npmjs.org/@aws-sdk/querystring-parser/-/querystring-parser-3.272.0.tgz. Extracting by manifest.
187 silly tarball no local data for @aws-sdk/querystring-builder@https://registry.npmjs.org/@aws-sdk/querystring-builder/-/querystring-builder-3.272.0.tgz. Extracting by manifest.
188 silly tarball no local data for @aws-sdk/property-provider@https://registry.npmjs.org/@aws-sdk/property-provider/-/property-provider-3.272.0.tgz. Extracting by manifest.
189 silly tarball no local data for @aws-sdk/protocol-http@https://registry.npmjs.org/@aws-sdk/protocol-http/-/protocol-http-3.272.0.tgz. Extracting by manifest.
190 silly tarball no local data for @aws-sdk/node-http-handler@https://registry.npmjs.org/@aws-sdk/node-http-handler/-/node-http-handler-3.272.0.tgz. Extracting by manifest.
191 silly tarball no local data for @aws-sdk/node-config-provider@https://registry.npmjs.org/@aws-sdk/node-config-provider/-/node-config-provider-3.272.0.tgz. Extracting by manifest.
192 silly tarball no local data for @aws-sdk/middleware-user-agent@https://registry.npmjs.org/@aws-sdk/middleware-user-agent/-/middleware-user-agent-3.272.0.tgz. Extracting by manifest.
193 silly tarball no local data for @aws-sdk/middleware-stack@https://registry.npmjs.org/@aws-sdk/middleware-stack/-/middleware-stack-3.272.0.tgz. Extracting by manifest.
194 silly tarball no local data for @aws-sdk/middleware-signing@https://registry.npmjs.org/@aws-sdk/middleware-signing/-/middleware-signing-3.272.0.tgz. Extracting by manifest.
195 silly tarball no local data for @aws-sdk/middleware-serde@https://registry.npmjs.org/@aws-sdk/middleware-serde/-/middleware-serde-3.272.0.tgz. Extracting by manifest.
196 silly tarball no local data for @aws-sdk/middleware-sdk-sts@https://registry.npmjs.org/@aws-sdk/middleware-sdk-sts/-/middleware-sdk-sts-3.272.0.tgz. Extracting by manifest.
197 silly tarball no local data for @aws-sdk/middleware-retry@https://registry.npmjs.org/@aws-sdk/middleware-retry/-/middleware-retry-3.272.0.tgz. Extracting by manifest.
198 silly tarball no local data for @aws-sdk/middleware-logger@https://registry.npmjs.org/@aws-sdk/middleware-logger/-/middleware-logger-3.272.0.tgz. Extracting by manifest.
199 silly tarball no local data for @aws-sdk/middleware-recursion-detection@https://registry.npmjs.org/@aws-sdk/middleware-recursion-detection/-/middleware-recursion-detection-3.272.0.tgz. Extracting by manifest.
200 silly tarball no local data for @aws-sdk/middleware-host-header@https://registry.npmjs.org/@aws-sdk/middleware-host-header/-/middleware-host-header-3.272.0.tgz. Extracting by manifest.
201 silly tarball no local data for @aws-sdk/middleware-endpoint@https://registry.npmjs.org/@aws-sdk/middleware-endpoint/-/middleware-endpoint-3.272.0.tgz. Extracting by manifest.
202 silly tarball no local data for @aws-sdk/middleware-content-length@https://registry.npmjs.org/@aws-sdk/middleware-content-length/-/middleware-content-length-3.272.0.tgz. Extracting by manifest.
203 silly tarball no local data for @aws-sdk/is-array-buffer@https://registry.npmjs.org/@aws-sdk/is-array-buffer/-/is-array-buffer-3.201.0.tgz. Extracting by manifest.
204 silly tarball no local data for @aws-sdk/fetch-http-handler@https://registry.npmjs.org/@aws-sdk/fetch-http-handler/-/fetch-http-handler-3.272.0.tgz. Extracting by manifest.
205 silly tarball no local data for @aws-sdk/hash-node@https://registry.npmjs.org/@aws-sdk/hash-node/-/hash-node-3.272.0.tgz. Extracting by manifest.
206 silly tarball no local data for @aws-sdk/credential-providers@https://registry.npmjs.org/@aws-sdk/credential-providers/-/credential-providers-3.272.0.tgz. Extracting by manifest.
207 silly tarball no local data for @aws-sdk/credential-provider-web-identity@https://registry.npmjs.org/@aws-sdk/credential-provider-web-identity/-/credential-provider-web-identity-3.272.0.tgz. Extracting by manifest.
208 silly tarball no local data for @aws-sdk/credential-provider-process@https://registry.npmjs.org/@aws-sdk/credential-provider-process/-/credential-provider-process-3.272.0.tgz. Extracting by manifest.
209 silly tarball no local data for @aws-sdk/credential-provider-sso@https://registry.npmjs.org/@aws-sdk/credential-provider-sso/-/credential-provider-sso-3.272.0.tgz. Extracting by manifest.
210 silly tarball no local data for @aws-sdk/credential-provider-ini@https://registry.npmjs.org/@aws-sdk/credential-provider-ini/-/credential-provider-ini-3.272.0.tgz. Extracting by manifest.
211 silly tarball no local data for @aws-sdk/invalid-dependency@https://registry.npmjs.org/@aws-sdk/invalid-dependency/-/invalid-dependency-3.272.0.tgz. Extracting by manifest.
212 silly tarball no local data for @aws-sdk/credential-provider-node@https://registry.npmjs.org/@aws-sdk/credential-provider-node/-/credential-provider-node-3.272.0.tgz. Extracting by manifest.
213 silly tarball no local data for @aws-sdk/credential-provider-env@https://registry.npmjs.org/@aws-sdk/credential-provider-env/-/credential-provider-env-3.272.0.tgz. Extracting by manifest.
214 silly tarball no local data for @aws-sdk/credential-provider-imds@https://registry.npmjs.org/@aws-sdk/credential-provider-imds/-/credential-provider-imds-3.272.0.tgz. Extracting by manifest.
215 silly tarball no local data for @aws-sdk/credential-provider-cognito-identity@https://registry.npmjs.org/@aws-sdk/credential-provider-cognito-identity/-/credential-provider-cognito-identity-3.272.0.tgz. Extracting by manifest.
216 silly tarball no local data for @aws-sdk/config-resolver@https://registry.npmjs.org/@aws-sdk/config-resolver/-/config-resolver-3.272.0.tgz. Extracting by manifest.
217 silly tarball no local data for @aws-sdk/client-sso-oidc@https://registry.npmjs.org/@aws-sdk/client-sso-oidc/-/client-sso-oidc-3.272.0.tgz. Extracting by manifest.
218 silly tarball no local data for @aws-sdk/client-sts@https://registry.npmjs.org/@aws-sdk/client-sts/-/client-sts-3.272.0.tgz. Extracting by manifest.
219 silly tarball no local data for @aws-sdk/client-sso@https://registry.npmjs.org/@aws-sdk/client-sso/-/client-sso-3.272.0.tgz. Extracting by manifest.
220 silly tarball no local data for @aws-sdk/client-cognito-identity@https://registry.npmjs.org/@aws-sdk/client-cognito-identity/-/client-cognito-identity-3.272.0.tgz. Extracting by manifest.
221 silly tarball no local data for @aws-sdk/abort-controller@https://registry.npmjs.org/@aws-sdk/abort-controller/-/abort-controller-3.272.0.tgz. Extracting by manifest.
222 silly tarball no local data for @aws-crypto/util@https://registry.npmjs.org/@aws-crypto/util/-/util-3.0.0.tgz. Extracting by manifest.
223 silly tarball no local data for @aws-crypto/supports-web-crypto@https://registry.npmjs.org/@aws-crypto/supports-web-crypto/-/supports-web-crypto-3.0.0.tgz. Extracting by manifest.
224 silly tarball no local data for @aws-crypto/sha256-js@https://registry.npmjs.org/@aws-crypto/sha256-js/-/sha256-js-3.0.0.tgz. Extracting by manifest.
225 silly tarball no local data for @aws-crypto/ie11-detection@https://registry.npmjs.org/@aws-crypto/ie11-detection/-/ie11-detection-3.0.0.tgz. Extracting by manifest.
226 silly tarball no local data for ms@https://registry.npmjs.org/ms/-/ms-2.1.3.tgz. Extracting by manifest.
227 silly tarball no local data for @aws-crypto/sha256-browser@https://registry.npmjs.org/@aws-crypto/sha256-browser/-/sha256-browser-3.0.0.tgz. Extracting by manifest.
228 silly tarball no local data for webidl-conversions@https://registry.npmjs.org/webidl-conversions/-/webidl-conversions-3.0.1.tgz. Extracting by manifest.
229 silly tarball no local data for tr46@https://registry.npmjs.org/tr46/-/tr46-0.0.3.tgz. Extracting by manifest.
230 silly tarball no local data for ms@https://registry.npmjs.org/ms/-/ms-2.1.2.tgz. Extracting by manifest.
231 silly tarball no local data for debug@https://registry.npmjs.org/debug/-/debug-4.3.4.tgz. Extracting by manifest.
232 silly tarball no local data for ms@https://registry.npmjs.org/ms/-/ms-2.1.3.tgz. Extracting by manifest.
233 silly tarball no local data for whatwg-url@https://registry.npmjs.org/whatwg-url/-/whatwg-url-5.0.0.tgz. Extracting by manifest.
234 silly tarball no local data for ms@https://registry.npmjs.org/ms/-/ms-2.1.3.tgz. Extracting by manifest.
235 silly tarball no local data for ms@https://registry.npmjs.org/ms/-/ms-2.1.2.tgz. Extracting by manifest.
236 silly tarball no local data for debug@https://registry.npmjs.org/debug/-/debug-4.3.4.tgz. Extracting by manifest.
237 silly tarball no local data for jws@https://registry.npmjs.org/jws/-/jws-4.0.0.tgz. Extracting by manifest.
238 silly tarball no local data for jws@https://registry.npmjs.org/jws/-/jws-4.0.0.tgz. Extracting by manifest.
239 silly tarball no local data for jwa@https://registry.npmjs.org/jwa/-/jwa-2.0.0.tgz. Extracting by manifest.
240 silly tarball no local data for jwa@https://registry.npmjs.org/jwa/-/jwa-2.0.0.tgz. Extracting by manifest.
241 silly tarball no local data for ms@https://registry.npmjs.org/ms/-/ms-2.1.2.tgz. Extracting by manifest.
242 silly tarball no local data for tslib@https://registry.npmjs.org/tslib/-/tslib-1.14.1.tgz. Extracting by manifest.
243 silly tarball no local data for debug@https://registry.npmjs.org/debug/-/debug-4.3.4.tgz. Extracting by manifest.
244 silly tarball no local data for tslib@https://registry.npmjs.org/tslib/-/tslib-1.14.1.tgz. Extracting by manifest.
245 silly tarball no local data for tslib@https://registry.npmjs.org/tslib/-/tslib-1.14.1.tgz. Extracting by manifest.
246 silly tarball no local data for tslib@https://registry.npmjs.org/tslib/-/tslib-1.14.1.tgz. Extracting by manifest.
247 silly tarball no local data for tslib@https://registry.npmjs.org/tslib/-/tslib-1.14.1.tgz. Extracting by manifest.
248 silly tarball no local data for get-intrinsic@https://registry.npmjs.org/get-intrinsic/-/get-intrinsic-1.2.0.tgz. Extracting by manifest.
249 http fetch POST 200 https://registry.npmjs.org/-/npm/v1/security/advisories/bulk 629ms
250 timing auditReport:getReport Completed in 642ms
251 silly audit report {}
252 timing auditReport:init Completed in 0ms
253 timing reify:audit Completed in 643ms
254 http fetch GET 200 https://registry.npmjs.org/npm 4360ms (cache miss)
255 http fetch GET 200 https://registry.npmjs.org/webidl-conversions/-/webidl-conversions-7.0.0.tgz 1002ms (cache miss)
256 http fetch GET 200 https://registry.npmjs.org/unpipe/-/unpipe-1.0.0.tgz 1158ms (cache miss)
257 timing reifyNode:node_modules/webidl-conversions Completed in 1406ms
258 http fetch GET 200 https://registry.npmjs.org/type-is/-/type-is-1.6.18.tgz 1388ms (cache miss)
259 timing reifyNode:node_modules/unpipe Completed in 1600ms
260 http fetch GET 200 https://registry.npmjs.org/vary/-/vary-1.1.2.tgz 1404ms (cache miss)
261 timing reifyNode:node_modules/type-is Completed in 1736ms
262 timing reifyNode:node_modules/vary Completed in 1762ms
263 http fetch GET 200 https://registry.npmjs.org/toidentifier/-/toidentifier-1.0.1.tgz 1615ms (cache miss)
264 http fetch GET 200 https://registry.npmjs.org/yallist/-/yallist-4.0.0.tgz 1719ms (cache miss)
265 http fetch GET 200 https://registry.npmjs.org/strnum/-/strnum-1.0.5.tgz 1712ms (cache miss)
266 timing reifyNode:node_modules/toidentifier Completed in 1968ms
267 http fetch GET 200 https://registry.npmjs.org/ms/-/ms-2.0.0.tgz 1710ms (cache miss)
268 http fetch GET 200 https://registry.npmjs.org/setprototypeof/-/setprototypeof-1.2.0.tgz 1739ms (cache miss)
269 http fetch GET 200 https://registry.npmjs.org/range-parser/-/range-parser-1.2.1.tgz 1822ms (cache miss)
270 http fetch GET 200 https://registry.npmjs.org/methods/-/methods-1.1.2.tgz 1805ms (cache miss)
271 timing reifyNode:node_modules/yallist Completed in 2087ms
272 http fetch GET 200 https://registry.npmjs.org/ieee754/-/ieee754-1.2.1.tgz 1802ms (cache miss)
273 http fetch GET 200 https://registry.npmjs.org/statuses/-/statuses-2.0.1.tgz 1864ms (cache miss)
274 http fetch GET 200 https://registry.npmjs.org/object-assign/-/object-assign-4.1.1.tgz 1840ms (cache miss)
275 http fetch GET 200 https://registry.npmjs.org/memory-pager/-/memory-pager-1.5.0.tgz 1892ms (cache miss)
276 http fetch GET 200 https://registry.npmjs.org/jwa/-/jwa-1.4.1.tgz 1885ms (cache miss)
277 http fetch GET 200 https://registry.npmjs.org/http-errors/-/http-errors-2.0.0.tgz 1876ms (cache miss)
278 timing reifyNode:node_modules/strnum Completed in 2173ms
279 http fetch GET 200 https://registry.npmjs.org/path-to-regexp/-/path-to-regexp-0.1.7.tgz 1978ms (cache miss)
280 timing reifyNode:node_modules/ms Completed in 2233ms
281 timing reifyNode:node_modules/setprototypeof Completed in 2249ms
282 timing reifyNode:node_modules/object-assign Completed in 2247ms
283 timing reifyNode:node_modules/range-parser Completed in 2293ms
284 http fetch GET 200 https://registry.npmjs.org/parseurl/-/parseurl-1.3.3.tgz 2047ms (cache miss)
285 timing reifyNode:node_modules/statuses Completed in 2303ms
286 http fetch GET 200 https://registry.npmjs.org/ipaddr.js/-/ipaddr.js-1.9.1.tgz 2016ms (cache miss)
287 http fetch GET 200 https://registry.npmjs.org/utils-merge/-/utils-merge-1.0.1.tgz 2059ms (cache miss)
288 timing reifyNode:node_modules/jwa Completed in 2380ms
289 http fetch GET 200 https://registry.npmjs.org/merge-descriptors/-/merge-descriptors-1.0.1.tgz 2116ms (cache miss)
290 http fetch GET 200 https://registry.npmjs.org/gtoken/-/gtoken-6.1.2.tgz 2097ms (cache miss)
291 http fetch GET 200 https://registry.npmjs.org/forwarded/-/forwarded-0.2.0.tgz 2095ms (cache miss)
292 http fetch GET 200 https://registry.npmjs.org/ee-first/-/ee-first-1.1.1.tgz 2113ms (cache miss)
293 timing reifyNode:node_modules/path-to-regexp Completed in 2447ms
294 timing reifyNode:node_modules/parseurl Completed in 2457ms
295 http fetch GET 200 https://registry.npmjs.org/inherits/-/inherits-2.0.4.tgz 2171ms (cache miss)
296 http fetch GET 200 https://registry.npmjs.org/finalhandler/-/finalhandler-1.2.0.tgz 2159ms (cache miss)
297 http fetch GET 200 https://registry.npmjs.org/function-bind/-/function-bind-1.1.1.tgz 2164ms (cache miss)
298 http fetch GET 200 https://registry.npmjs.org/fast-text-encoding/-/fast-text-encoding-1.0.6.tgz 2161ms (cache miss)
299 http fetch GET 200 https://registry.npmjs.org/cookie-signature/-/cookie-signature-1.0.6.tgz 2178ms (cache miss)
300 http fetch GET 200 https://registry.npmjs.org/destroy/-/destroy-1.2.0.tgz 2189ms (cache miss)
301 http fetch GET 200 https://registry.npmjs.org/proxy-addr/-/proxy-addr-2.0.7.tgz 2263ms (cache miss)
302 timing reifyNode:node_modules/proxy-addr Completed in 2515ms
303 http fetch GET 200 https://registry.npmjs.org/punycode/-/punycode-2.3.0.tgz 2266ms (cache miss)
304 timing reifyNode:node_modules/methods Completed in 2518ms
305 http fetch GET 200 https://registry.npmjs.org/sparse-bitfield/-/sparse-bitfield-3.0.3.tgz 2304ms (cache miss)
306 http fetch GET 200 https://registry.npmjs.org/is-stream/-/is-stream-2.0.1.tgz 2246ms (cache miss)
307 http fetch GET 200 https://registry.npmjs.org/escape-html/-/escape-html-1.0.3.tgz 2226ms (cache miss)
308 timing reifyNode:node_modules/utils-merge Completed in 2539ms
309 http fetch GET 200 https://registry.npmjs.org/dotenv/-/dotenv-16.0.3.tgz 2261ms (cache miss)
310 timing reifyNode:node_modules/merge-descriptors Completed in 2589ms
311 http fetch GET 200 https://registry.npmjs.org/cors/-/cors-2.8.5.tgz 2345ms (cache miss)
312 http fetch GET 200 https://registry.npmjs.org/cookie/-/cookie-0.5.0.tgz 2342ms (cache miss)
313 http fetch GET 200 https://registry.npmjs.org/media-typer/-/media-typer-0.3.0.tgz 2391ms (cache miss)
314 http fetch GET 200 https://registry.npmjs.org/base64-js/-/base64-js-1.5.1.tgz 2329ms (cache miss)
315 timing reifyNode:node_modules/ieee754 Completed in 2661ms
316 timing reifyNode:node_modules/inherits Completed in 2662ms
317 http fetch GET 200 https://registry.npmjs.org/ip/-/ip-2.0.0.tgz 2382ms (cache miss)
318 timing reifyNode:node_modules/ip Completed in 2663ms
319 timing reifyNode:node_modules/escape-html Completed in 2662ms
320 http fetch GET 200 https://registry.npmjs.org/fresh/-/fresh-0.5.2.tgz 2391ms (cache miss)
321 http fetch GET 200 https://registry.npmjs.org/bytes/-/bytes-3.1.2.tgz 2364ms (cache miss)
322 http fetch GET 200 https://registry.npmjs.org/buffer-equal-constant-time/-/buffer-equal-constant-time-1.0.1.tgz 2362ms (cache miss)
323 timing reifyNode:node_modules/ee-first Completed in 2679ms
324 timing reifyNode:node_modules/http-errors Completed in 2693ms
325 timing reifyNode:node_modules/sparse-bitfield Completed in 2708ms
326 timing reifyNode:node_modules/punycode Completed in 2719ms
327 timing reifyNode:node_modules/is-stream Completed in 2727ms
328 timing reifyNode:node_modules/destroy Completed in 2744ms
329 http fetch GET 200 https://registry.npmjs.org/array-flatten/-/array-flatten-1.1.1.tgz 2419ms (cache miss)
330 http fetch GET 200 https://registry.npmjs.org/arrify/-/arrify-2.0.1.tgz 2421ms (cache miss)
331 http fetch GET 200 https://registry.npmjs.org/kareem/-/kareem-2.5.1.tgz 2481ms (cache miss)
332 http fetch GET 200 https://registry.npmjs.org/has/-/has-1.0.3.tgz 2472ms (cache miss)
333 http fetch GET 200 https://registry.npmjs.org/etag/-/etag-1.8.1.tgz 2484ms (cache miss)
334 http fetch GET 200 https://registry.npmjs.org/encodeurl/-/encodeurl-1.0.2.tgz 2489ms (cache miss)
335 timing reifyNode:node_modules/forwarded Completed in 2798ms
336 timing reifyNode:node_modules/media-typer Completed in 2804ms
337 http fetch GET 200 https://registry.npmjs.org/jws/-/jws-3.2.2.tgz 2468ms (cache miss)
338 http fetch GET 200 https://registry.npmjs.org/serve-static/-/serve-static-1.15.0.tgz 2580ms (cache miss)
339 timing reifyNode:node_modules/serve-static Completed in 2823ms
340 timing reifyNode:node_modules/kareem Completed in 2831ms
341 http fetch GET 200 https://registry.npmjs.org/mime-types/-/mime-types-2.1.35.tgz 2567ms (cache miss)
342 timing reifyNode:node_modules/mime-types Completed in 2834ms
343 timing reifyNode:node_modules/memory-pager Completed in 2870ms
344 timing reifyNode:node_modules/fresh Completed in 2885ms
345 http fetch GET 200 https://registry.npmjs.org/content-disposition/-/content-disposition-0.5.4.tgz 2579ms (cache miss)
346 timing reifyNode:node_modules/array-flatten Completed in 2902ms
347 timing reifyNode:node_modules/fast-text-encoding Completed in 2929ms
348 http fetch GET 200 https://registry.npmjs.org/raw-body/-/raw-body-2.5.1.tgz 2724ms (cache miss)
349 http fetch GET 200 https://registry.npmjs.org/content-type/-/content-type-1.0.5.tgz 2648ms (cache miss)
350 http fetch GET 200 https://registry.npmjs.org/lru-cache/-/lru-cache-6.0.0.tgz 2716ms (cache miss)
351 timing reifyNode:node_modules/lru-cache Completed in 2987ms
352 timing reifyNode:node_modules/has Completed in 2985ms
353 http fetch GET 200 https://registry.npmjs.org/on-finished/-/on-finished-2.4.1.tgz 2740ms (cache miss)
354 timing reifyNode:node_modules/on-finished Completed in 2995ms
355 timing reifyNode:node_modules/etag Completed in 2985ms
356 timing reifyNode:node_modules/encodeurl Completed in 2993ms
357 timing reifyNode:node_modules/cookie-signature Completed in 2994ms
358 http fetch GET 200 https://registry.npmjs.org/@aws-sdk/util-utf8/-/util-utf8-3.254.0.tgz 2663ms (cache miss)
359 http fetch GET 200 https://registry.npmjs.org/@aws-sdk/util-uri-escape/-/util-uri-escape-3.201.0.tgz 2804ms (cache miss)
360 timing reifyNode:node_modules/bytes Completed in 3180ms
361 timing reifyNode:node_modules/content-disposition Completed in 3185ms
362 http fetch GET 200 https://registry.npmjs.org/safe-buffer/-/safe-buffer-5.2.1.tgz 2950ms (cache miss)
363 timing reifyNode:node_modules/safe-buffer Completed in 3198ms
364 http fetch GET 200 https://registry.npmjs.org/accepts/-/accepts-1.3.8.tgz 2849ms (cache miss)
365 timing reifyNode:node_modules/content-type Completed in 3187ms
366 timing reifyNode:node_modules/raw-body Completed in 3207ms
367 http fetch GET 200 https://registry.npmjs.org/@aws-sdk/util-buffer-from/-/util-buffer-from-3.208.0.tgz 2849ms (cache miss)
368 http fetch GET 200 https://registry.npmjs.org/@types/whatwg-url/-/whatwg-url-8.2.2.tgz 2887ms (cache miss)
369 timing reifyNode:node_modules/arrify Completed in 3242ms
370 http fetch GET 200 https://registry.npmjs.org/side-channel/-/side-channel-1.0.4.tgz 3023ms (cache miss)
371 timing reifyNode:node_modules/ipaddr.js Completed in 3255ms
372 http fetch GET 200 https://registry.npmjs.org/@aws-sdk/util-body-length-node/-/util-body-length-node-3.208.0.tgz 2891ms (cache miss)
373 timing reifyNode:node_modules/finalhandler Completed in 3262ms
374 timing reifyNode:node_modules/gtoken Completed in 3297ms
375 http fetch GET 200 https://registry.npmjs.org/@aws-sdk/util-user-agent-node/-/util-user-agent-node-3.272.0.tgz 2958ms (cache miss)
376 timing reifyNode:node_modules/accepts Completed in 3308ms
377 http fetch GET 200 https://registry.npmjs.org/send/-/send-0.18.0.tgz 3080ms (cache miss)
378 timing reifyNode:node_modules/send Completed in 3324ms
379 http fetch GET 200 https://registry.npmjs.org/depd/-/depd-2.0.0.tgz 3010ms (cache miss)
380 http fetch GET 200 https://registry.npmjs.org/@types/webidl-conversions/-/webidl-conversions-7.0.0.tgz 3067ms (cache miss)
381 timing reifyNode:node_modules/cookie Completed in 3410ms
382 timing reifyNode:node_modules/side-channel Completed in 3428ms
383 http fetch GET 200 https://registry.npmjs.org/@aws-sdk/util-retry/-/util-retry-3.272.0.tgz 3076ms (cache miss)
384 http fetch GET 200 https://registry.npmjs.org/ecdsa-sig-formatter/-/ecdsa-sig-formatter-1.0.11.tgz 3125ms (cache miss)
385 timing reifyNode:node_modules/base64-js Completed in 3467ms
386 timing reifyNode:node_modules/cors Completed in 3468ms
387 timing reifyNode:node_modules/@types/webidl-conversions Completed in 3492ms
388 timing reifyNode:node_modules/depd Completed in 3520ms
389 http fetch GET 200 https://registry.npmjs.org/negotiator/-/negotiator-0.6.3.tgz 3281ms (cache miss)
390 http fetch GET 200 https://registry.npmjs.org/@aws-sdk/querystring-builder/-/querystring-builder-3.272.0.tgz 3157ms (cache miss)
391 http fetch GET 200 https://registry.npmjs.org/@aws-sdk/shared-ini-file-loader/-/shared-ini-file-loader-3.272.0.tgz 3256ms (cache miss)
392 http fetch GET 200 https://registry.npmjs.org/@aws-sdk/util-defaults-mode-node/-/util-defaults-mode-node-3.272.0.tgz 3286ms (cache miss)
393 timing reifyNode:node_modules/buffer-equal-constant-time Completed in 3640ms
394 timing reifyNode:node_modules/ecdsa-sig-formatter Completed in 3642ms
395 http fetch GET 200 https://registry.npmjs.org/@aws-sdk/node-config-provider/-/node-config-provider-3.272.0.tgz 3280ms (cache miss)
396 timing reifyNode:node_modules/negotiator Completed in 3700ms
397 http fetch GET 200 https://registry.npmjs.org/safer-buffer/-/safer-buffer-2.1.2.tgz 3506ms (cache miss)
398 timing reifyNode:node_modules/safer-buffer Completed in 3752ms
399 http fetch GET 200 https://registry.npmjs.org/@aws-sdk/middleware-logger/-/middleware-logger-3.272.0.tgz 3351ms (cache miss)
400 http fetch GET 200 https://registry.npmjs.org/json-bigint/-/json-bigint-1.0.0.tgz 3510ms (cache miss)
401 timing reifyNode:node_modules/json-bigint Completed in 3788ms
402 http fetch GET 200 https://registry.npmjs.org/@aws-sdk/middleware-stack/-/middleware-stack-3.272.0.tgz 3393ms (cache miss)
403 http fetch GET 200 https://registry.npmjs.org/@aws-sdk/middleware-serde/-/middleware-serde-3.272.0.tgz 3391ms (cache miss)
404 http fetch GET 200 https://registry.npmjs.org/@aws-sdk/is-array-buffer/-/is-array-buffer-3.201.0.tgz 3432ms (cache miss)
405 http fetch GET 200 https://registry.npmjs.org/buffer/-/buffer-5.7.1.tgz 3587ms (cache miss)
406 timing reifyNode:node_modules/buffer Completed in 3902ms
407 http fetch GET 200 https://registry.npmjs.org/extend/-/extend-3.0.2.tgz 3611ms (cache miss)
408 http fetch GET 200 https://registry.npmjs.org/mongodb-connection-string-url/-/mongodb-connection-string-url-2.6.0.tgz 3653ms (cache miss)
409 http fetch GET 200 https://registry.npmjs.org/@aws-sdk/node-http-handler/-/node-http-handler-3.272.0.tgz 3572ms (cache miss)
410 http fetch GET 200 https://registry.npmjs.org/@aws-sdk/middleware-sdk-sts/-/middleware-sdk-sts-3.272.0.tgz 3586ms (cache miss)
411 http fetch GET 200 https://registry.npmjs.org/@aws-sdk/middleware-endpoint/-/middleware-endpoint-3.272.0.tgz 3614ms (cache miss)
412 http fetch GET 200 https://registry.npmjs.org/https-proxy-agent/-/https-proxy-agent-5.0.1.tgz 3756ms (cache miss)
413 http fetch GET 200 https://registry.npmjs.org/google-p12-pem/-/google-p12-pem-4.0.1.tgz 3761ms (cache miss)
414 http fetch GET 200 https://registry.npmjs.org/@aws-sdk/util-locate-window/-/util-locate-window-3.208.0.tgz 3699ms (cache miss)
415 timing reifyNode:node_modules/extend Completed in 4052ms
416 timing reifyNode:node_modules/mongodb-connection-string-url Completed in 4062ms
417 http fetch GET 200 https://registry.npmjs.org/smart-buffer/-/smart-buffer-4.2.0.tgz 3856ms (cache miss)
418 http fetch GET 200 https://registry.npmjs.org/@aws-sdk/middleware-content-length/-/middleware-content-length-3.272.0.tgz 3688ms (cache miss)
419 http fetch GET 200 https://registry.npmjs.org/@aws-sdk/credential-provider-process/-/credential-provider-process-3.272.0.tgz 3683ms (cache miss)
420 http fetch GET 200 https://registry.npmjs.org/tslib/-/tslib-2.5.0.tgz 3894ms (cache miss)
421 http fetch GET 200 https://registry.npmjs.org/mime-db/-/mime-db-1.52.0.tgz 3917ms (cache miss)
422 timing reifyNode:node_modules/mime-db Completed in 4183ms
423 http fetch GET 200 https://registry.npmjs.org/@aws-sdk/middleware-host-header/-/middleware-host-header-3.272.0.tgz 3815ms (cache miss)
424 timing reifyNode:node_modules/jws Completed in 4227ms
425 timing reifyNode:node_modules/google-p12-pem Completed in 4229ms
426 timing reifyNode:node_modules/https-proxy-agent Completed in 4231ms
427 timing reifyNode:node_modules/@aws-sdk/util-locate-window Completed in 4227ms
428 timing reifyNode:node_modules/dotenv Completed in 4261ms
429 timing reifyNode:node_modules/smart-buffer Completed in 4281ms
430 http fetch GET 200 https://registry.npmjs.org/@aws-sdk/url-parser/-/url-parser-3.272.0.tgz 3904ms (cache miss)
431 timing reifyNode:node_modules/tslib Completed in 4297ms
432 timing reifyNode:node_modules/@aws-sdk/util-buffer-from Completed in 4281ms
433 http fetch GET 200 https://registry.npmjs.org/@aws-sdk/util-hex-encoding/-/util-hex-encoding-3.201.0.tgz 3977ms (cache miss)
434 http fetch GET 200 https://registry.npmjs.org/gcp-metadata/-/gcp-metadata-5.2.0.tgz 4063ms (cache miss)
435 http fetch GET 200 https://registry.npmjs.org/@aws-sdk/credential-provider-ini/-/credential-provider-ini-3.272.0.tgz 3936ms (cache miss)
436 http fetch GET 200 https://registry.npmjs.org/agent-base/-/agent-base-6.0.2.tgz 4022ms (cache miss)
437 http fetch GET 200 https://registry.npmjs.org/@aws-sdk/config-resolver/-/config-resolver-3.272.0.tgz 3969ms (cache miss)
438 timing reifyNode:node_modules/@aws-sdk/url-parser Completed in 4388ms
439 http fetch GET 200 https://registry.npmjs.org/@aws-sdk/querystring-parser/-/querystring-parser-3.272.0.tgz 4069ms (cache miss)
440 timing reifyNode:node_modules/gcp-metadata Completed in 4465ms
441 http fetch GET 200 https://registry.npmjs.org/@aws-sdk/fetch-http-handler/-/fetch-http-handler-3.272.0.tgz 4065ms (cache miss)
442 timing reifyNode:node_modules/@aws-sdk/util-hex-encoding Completed in 4471ms
443 timing reifyNode:node_modules/function-bind Completed in 4523ms
444 timing reifyNode:node_modules/agent-base Completed in 4524ms
445 timing reifyNode:node_modules/@types/whatwg-url Completed in 4534ms
446 http fetch GET 200 https://registry.npmjs.org/ms/-/ms-2.1.3.tgz 4105ms (cache miss)
447 http fetch GET 200 https://registry.npmjs.org/mpath/-/mpath-0.9.0.tgz 4283ms (cache miss)
448 timing reifyNode:node_modules/@aws-sdk/querystring-parser Completed in 4571ms
449 timing reifyNode:node_modules/@aws-sdk/querystring-builder Completed in 4574ms
450 http fetch GET 200 https://registry.npmjs.org/@aws-sdk/abort-controller/-/abort-controller-3.272.0.tgz 4167ms (cache miss)
451 http fetch GET 200 https://registry.npmjs.org/ms/-/ms-2.1.2.tgz 4205ms (cache miss)
452 http fetch GET 200 https://registry.npmjs.org/mime/-/mime-1.6.0.tgz 4393ms (cache miss)
453 timing reifyNode:node_modules/mime Completed in 4659ms
454 http fetch GET 200 https://registry.npmjs.org/call-bind/-/call-bind-1.0.2.tgz 4340ms (cache miss)
455 timing reifyNode:node_modules/mpath Completed in 4662ms
456 http fetch GET 200 https://registry.npmjs.org/@aws-sdk/credential-provider-node/-/credential-provider-node-3.272.0.tgz 4244ms (cache miss)
457 http fetch GET 200 https://registry.npmjs.org/@aws-sdk/middleware-recursion-detection/-/middleware-recursion-detection-3.272.0.tgz 4347ms (cache miss)
458 timing reifyNode:node_modules/send/node_modules/ms Completed in 4775ms
459 http fetch GET 200 https://registry.npmjs.org/@aws-sdk/util-middleware/-/util-middleware-3.272.0.tgz 4418ms (cache miss)
460 http fetch GET 200 https://registry.npmjs.org/body-parser/-/body-parser-1.20.1.tgz 4453ms (cache miss)
461 http fetch GET 200 https://registry.npmjs.org/ms/-/ms-2.1.3.tgz 4337ms (cache miss)
462 http fetch GET 200 https://registry.npmjs.org/whatwg-url/-/whatwg-url-5.0.0.tgz 4337ms (cache miss)
463 http fetch GET 200 https://registry.npmjs.org/@aws-crypto/ie11-detection/-/ie11-detection-3.0.0.tgz 4347ms (cache miss)
464 http fetch GET 200 https://registry.npmjs.org/webidl-conversions/-/webidl-conversions-3.0.1.tgz 4349ms (cache miss)
465 http fetch GET 200 https://registry.npmjs.org/ms/-/ms-2.1.3.tgz 4346ms (cache miss)
466 http fetch GET 200 https://registry.npmjs.org/@aws-crypto/supports-web-crypto/-/supports-web-crypto-3.0.0.tgz 4356ms (cache miss)
467 http fetch GET 200 https://registry.npmjs.org/@aws-crypto/sha256-browser/-/sha256-browser-3.0.0.tgz 4352ms (cache miss)
468 http fetch GET 200 https://registry.npmjs.org/ms/-/ms-2.1.2.tgz 4347ms (cache miss)
469 http fetch GET 200 https://registry.npmjs.org/debug/-/debug-4.3.4.tgz 4341ms (cache miss)
470 timing reifyNode:node_modules/call-bind Completed in 4789ms
471 http fetch GET 200 https://registry.npmjs.org/has-symbols/-/has-symbols-1.0.3.tgz 4511ms (cache miss)
472 http fetch GET 200 https://registry.npmjs.org/@aws-sdk/util-config-provider/-/util-config-provider-3.208.0.tgz 4435ms (cache miss)
473 http fetch GET 200 https://registry.npmjs.org/tr46/-/tr46-3.0.0.tgz 4599ms (cache miss)
474 timing reifyNode:node_modules/@aws-sdk/middleware-recursion-detection Completed in 4801ms
475 timing reifyNode:node_modules/@aws-sdk/util-middleware Completed in 4814ms
476 timing reifyNode:node_modules/body-parser Completed in 4816ms
477 http fetch GET 200 https://registry.npmjs.org/debug/-/debug-4.3.4.tgz 4379ms (cache miss)
478 http fetch GET 200 https://registry.npmjs.org/ms/-/ms-2.1.2.tgz 4376ms (cache miss)
479 http fetch GET 200 https://registry.npmjs.org/jwa/-/jwa-2.0.0.tgz 4380ms (cache miss)
480 http fetch GET 200 https://registry.npmjs.org/get-intrinsic/-/get-intrinsic-1.2.0.tgz 4220ms (cache miss)
481 timing reifyNode:node_modules/node-fetch/node_modules/webidl-conversions Completed in 4847ms
482 timing reifyNode:node_modules/mquery/node_modules/ms Completed in 4850ms
483 http fetch GET 200 https://registry.npmjs.org/tslib/-/tslib-1.14.1.tgz 4399ms (cache miss)
484 timing reifyNode:node_modules/mongoose/node_modules/ms Completed in 4855ms
485 http fetch GET 200 https://registry.npmjs.org/node-fetch/-/node-fetch-2.6.9.tgz 4608ms (cache miss)
486 timing reifyNode:node_modules/node-fetch Completed in 4865ms
487 timing reifyNode:node_modules/has-symbols Completed in 4861ms
488 timing reifyNode:node_modules/@aws-sdk/util-config-provider Completed in 4856ms
489 timing reifyNode:node_modules/https-proxy-agent/node_modules/ms Completed in 4865ms
490 timing reifyNode:node_modules/jsonwebtoken/node_modules/ms Completed in 4868ms
491 timing reifyNode:node_modules/tr46 Completed in 4876ms
492 http fetch GET 200 https://registry.npmjs.org/jwa/-/jwa-2.0.0.tgz 4421ms (cache miss)
493 timing reifyNode:node_modules/@aws-sdk/middleware-sdk-sts Completed in 4864ms
494 timing reifyNode:node_modules/@aws-sdk/is-array-buffer Completed in 4866ms
495 http fetch GET 200 https://registry.npmjs.org/tslib/-/tslib-1.14.1.tgz 4431ms (cache miss)
496 http fetch GET 200 https://registry.npmjs.org/tslib/-/tslib-1.14.1.tgz 4434ms (cache miss)
497 http fetch GET 200 https://registry.npmjs.org/tslib/-/tslib-1.14.1.tgz 4432ms (cache miss)
498 timing reifyNode:node_modules/@aws-sdk/util-body-length-node Completed in 4886ms
499 timing reifyNode:node_modules/google-auth-library/node_modules/jwa Completed in 4900ms
500 timing reifyNode:node_modules/agent-base/node_modules/ms Completed in 4899ms
501 timing reifyNode:node_modules/gtoken/node_modules/jwa Completed in 4912ms
502 timing reifyNode:node_modules/@aws-sdk/middleware-host-header Completed in 4901ms
503 http fetch GET 200 https://registry.npmjs.org/@aws-sdk/hash-node/-/hash-node-3.272.0.tgz 4516ms (cache miss)
504 timing reifyNode:node_modules/@aws-sdk/middleware-content-length Completed in 4915ms
505 http fetch GET 200 https://registry.npmjs.org/@aws-sdk/util-body-length-browser/-/util-body-length-browser-3.188.0.tgz 4558ms (cache miss)
506 timing reifyNode:node_modules/@aws-sdk/util-user-agent-node Completed in 4940ms
507 timing reifyNode:node_modules/@aws-sdk/hash-node Completed in 4950ms
508 http fetch GET 200 https://registry.npmjs.org/whatwg-url/-/whatwg-url-11.0.0.tgz 4790ms (cache miss)
509 timing reifyNode:node_modules/whatwg-url Completed in 4984ms
510 timing reifyNode:node_modules/@aws-sdk/util-body-length-browser Completed in 4970ms
511 http fetch GET 200 https://registry.npmjs.org/@aws-sdk/service-error-classification/-/service-error-classification-3.272.0.tgz 4595ms (cache miss)
512 timing reifyNode:node_modules/@aws-sdk/middleware-logger Completed in 5000ms
513 timing reifyNode:node_modules/@aws-sdk/service-error-classification Completed in 5018ms
514 http fetch GET 200 https://registry.npmjs.org/@aws-sdk/util-utf8-browser/-/util-utf8-browser-3.259.0.tgz 4685ms (cache miss)
515 http fetch GET 200 https://registry.npmjs.org/jsonwebtoken/-/jsonwebtoken-9.0.0.tgz 4757ms (cache miss)
516 timing reifyNode:node_modules/jsonwebtoken Completed in 5034ms
517 http fetch GET 200 https://registry.npmjs.org/debug/-/debug-4.3.4.tgz 4593ms (cache miss)
518 http fetch GET 200 https://registry.npmjs.org/bignumber.js/-/bignumber.js-9.1.1.tgz 4707ms (cache miss)
519 timing reifyNode:node_modules/bignumber.js Completed in 5030ms
520 http fetch GET 200 https://registry.npmjs.org/debug/-/debug-2.6.9.tgz 4739ms (cache miss)
521 timing reifyNode:node_modules/debug Completed in 5068ms
522 timing reifyNode:node_modules/@aws-sdk/util-utf8-browser Completed in 5069ms
523 http fetch GET 200 https://registry.npmjs.org/gaxios/-/gaxios-5.0.2.tgz 4789ms (cache miss)
524 timing reifyNode:node_modules/mquery/node_modules/debug Completed in 5085ms
525 timing reifyNode:node_modules/https-proxy-agent/node_modules/debug Completed in 5081ms
526 timing reifyNode:node_modules/agent-base/node_modules/debug Completed in 5078ms
527 http fetch GET 200 https://registry.npmjs.org/bowser/-/bowser-2.11.0.tgz 4764ms (cache miss)
528 http fetch GET 200 https://registry.npmjs.org/qs/-/qs-6.11.0.tgz 4853ms (cache miss)
529 http fetch GET 200 https://registry.npmjs.org/@aws-sdk/util-user-agent-browser/-/util-user-agent-browser-3.272.0.tgz 4756ms (cache miss)
530 timing reifyNode:node_modules/gaxios Completed in 5101ms
531 timing reifyNode:node_modules/@aws-sdk/util-uri-escape Completed in 5100ms
532 http fetch GET 200 https://registry.npmjs.org/@aws-sdk/credential-provider-env/-/credential-provider-env-3.272.0.tgz 4694ms (cache miss)
533 http fetch GET 200 https://registry.npmjs.org/tr46/-/tr46-0.0.3.tgz 4678ms (cache miss)
534 timing reifyNode:node_modules/bowser Completed in 5116ms
535 timing reifyNode:node_modules/node-fetch/node_modules/whatwg-url Completed in 5129ms
536 timing reifyNode:node_modules/qs Completed in 5135ms
537 timing reifyNode:node_modules/node-fetch/node_modules/tr46 Completed in 5132ms
538 http fetch GET 200 https://registry.npmjs.org/jws/-/jws-4.0.0.tgz 4686ms (cache miss)
539 http fetch GET 200 https://registry.npmjs.org/jws/-/jws-4.0.0.tgz 4691ms (cache miss)
540 timing reifyNode:node_modules/@aws-sdk/util-user-agent-browser Completed in 5148ms
541 timing reifyNode:node_modules/@aws-sdk/credential-provider-env Completed in 5144ms
542 timing reifyNode:node_modules/gtoken/node_modules/jws Completed in 5169ms
543 timing reifyNode:node_modules/google-auth-library/node_modules/jws Completed in 5170ms
544 http fetch GET 200 https://registry.npmjs.org/saslprep/-/saslprep-1.0.3.tgz 4945ms (cache miss)
545 timing reifyNode:node_modules/get-intrinsic Completed in 5188ms
546 timing reifyNode:node_modules/saslprep Completed in 5203ms
547 timing reifyNode:node_modules/@aws-sdk/middleware-stack Completed in 5189ms
548 http fetch GET 200 https://registry.npmjs.org/fast-xml-parser/-/fast-xml-parser-4.0.11.tgz 4922ms (cache miss)
549 http fetch GET 200 https://registry.npmjs.org/@aws-sdk/credential-provider-web-identity/-/credential-provider-web-identity-3.272.0.tgz 4813ms (cache miss)
550 timing reifyNode:node_modules/@aws-crypto/supports-web-crypto Completed in 5210ms
551 timing reifyNode:node_modules/fast-xml-parser Completed in 5238ms
552 timing reifyNode:node_modules/@aws-sdk/credential-provider-web-identity Completed in 5234ms
553 http fetch GET 200 https://registry.npmjs.org/@aws-sdk/util-defaults-mode-browser/-/util-defaults-mode-browser-3.272.0.tgz 4897ms (cache miss)
554 timing reifyNode:node_modules/@aws-sdk/util-defaults-mode-node Completed in 5270ms
555 timing reifyNode:node_modules/@aws-sdk/util-defaults-mode-browser Completed in 5275ms
556 http fetch GET 200 https://registry.npmjs.org/tslib/-/tslib-1.14.1.tgz 4835ms (cache miss)
557 timing reifyNode:node_modules/@aws-crypto/util/node_modules/tslib Completed in 5279ms
558 timing reifyNode:node_modules/@aws-crypto/sha256-browser/node_modules/tslib Completed in 5279ms
559 timing reifyNode:node_modules/@aws-crypto/ie11-detection/node_modules/tslib Completed in 5281ms
560 timing reifyNode:node_modules/@aws-crypto/supports-web-crypto/node_modules/tslib Completed in 5282ms
561 timing reifyNode:node_modules/@aws-sdk/abort-controller Completed in 5284ms
562 timing reifyNode:node_modules/@aws-sdk/middleware-serde Completed in 5287ms
563 timing reifyNode:node_modules/@aws-crypto/sha256-js/node_modules/tslib Completed in 5286ms
564 http fetch GET 200 https://registry.npmjs.org/express/-/express-4.18.2.tgz 5006ms (cache miss)
565 timing reifyNode:node_modules/express Completed in 5305ms
566 http fetch GET 200 https://registry.npmjs.org/@aws-sdk/invalid-dependency/-/invalid-dependency-3.272.0.tgz 4901ms (cache miss)
567 http fetch GET 200 https://registry.npmjs.org/@aws-sdk/middleware-user-agent/-/middleware-user-agent-3.272.0.tgz 4933ms (cache miss)
568 timing reifyNode:node_modules/@aws-sdk/credential-provider-node Completed in 5319ms
569 timing reifyNode:node_modules/@aws-sdk/invalid-dependency Completed in 5321ms
570 http fetch GET 200 https://registry.npmjs.org/mquery/-/mquery-4.0.3.tgz 5086ms (cache miss)
571 timing reifyNode:node_modules/@aws-sdk/middleware-user-agent Completed in 5337ms
572 timing reifyNode:node_modules/mquery Completed in 5364ms
573 timing reifyNode:node_modules/@aws-sdk/node-config-provider Completed in 5377ms
574 timing reifyNode:node_modules/@aws-sdk/fetch-http-handler Completed in 5377ms
575 timing reifyNode:node_modules/@aws-sdk/util-utf8 Completed in 5412ms
576 http fetch GET 200 https://registry.npmjs.org/@aws-sdk/util-base64/-/util-base64-3.208.0.tgz 5067ms (cache miss)
577 timing reifyNode:node_modules/@aws-sdk/credential-provider-process Completed in 5430ms
578 timing reifyNode:node_modules/@aws-sdk/util-base64 Completed in 5452ms
579 http fetch GET 200 https://registry.npmjs.org/socks/-/socks-2.7.1.tgz 5253ms (cache miss)
580 timing reifyNode:node_modules/socks Completed in 5500ms
581 http fetch GET 200 https://registry.npmjs.org/@aws-crypto/util/-/util-3.0.0.tgz 5094ms (cache miss)
582 http fetch GET 200 https://registry.npmjs.org/object-inspect/-/object-inspect-1.12.3.tgz 5279ms (cache miss)
583 timing reifyNode:node_modules/object-inspect Completed in 5535ms
584 http fetch GET 200 https://registry.npmjs.org/@aws-sdk/middleware-signing/-/middleware-signing-3.272.0.tgz 5145ms (cache miss)
585 timing reifyNode:node_modules/@aws-crypto/util Completed in 5531ms
586 http fetch GET 200 https://registry.npmjs.org/@aws-sdk/property-provider/-/property-provider-3.272.0.tgz 5159ms (cache miss)
587 timing reifyNode:node_modules/@aws-sdk/middleware-signing Completed in 5542ms
588 http fetch GET 200 https://registry.npmjs.org/@aws-crypto/sha256-js/-/sha256-js-3.0.0.tgz 5125ms (cache miss)
589 timing reifyNode:node_modules/@aws-sdk/property-provider Completed in 5548ms
590 http fetch GET 200 https://registry.npmjs.org/bcryptjs/-/bcryptjs-2.4.3.tgz 5235ms (cache miss)
591 timing reifyNode:node_modules/bcryptjs Completed in 5567ms
592 timing reifyNode:node_modules/@aws-crypto/sha256-js Completed in 5556ms
593 http fetch GET 200 https://registry.npmjs.org/@aws-sdk/credential-provider-sso/-/credential-provider-sso-3.272.0.tgz 5202ms (cache miss)
594 http fetch GET 200 https://registry.npmjs.org/sift/-/sift-16.0.1.tgz 5392ms (cache miss)
595 http fetch GET 200 https://registry.npmjs.org/iconv-lite/-/iconv-lite-0.4.24.tgz 5343ms (cache miss)
596 timing reifyNode:node_modules/@aws-sdk/credential-provider-sso Completed in 5609ms
597 timing reifyNode:node_modules/sift Completed in 5654ms
598 timing reifyNode:node_modules/iconv-lite Completed in 5646ms
599 timing reifyNode:node_modules/@aws-crypto/ie11-detection Completed in 5657ms
600 timing reifyNode:node_modules/@aws-crypto/sha256-browser Completed in 5675ms
601 http fetch GET 200 https://registry.npmjs.org/@aws-sdk/protocol-http/-/protocol-http-3.272.0.tgz 5319ms (cache miss)
602 timing reifyNode:node_modules/@aws-sdk/protocol-http Completed in 5718ms
603 timing reifyNode:node_modules/@aws-sdk/util-retry Completed in 5772ms
604 timing reifyNode:node_modules/@aws-sdk/credential-provider-ini Completed in 5821ms
605 http fetch GET 200 https://registry.npmjs.org/@aws-sdk/token-providers/-/token-providers-3.272.0.tgz 5468ms (cache miss)
606 timing reifyNode:node_modules/@aws-sdk/token-providers Completed in 5852ms
607 http fetch GET 200 https://registry.npmjs.org/@aws-sdk/credential-provider-cognito-identity/-/credential-provider-cognito-identity-3.272.0.tgz 5503ms (cache miss)
608 http fetch GET 200 https://registry.npmjs.org/semver/-/semver-7.3.8.tgz 5694ms (cache miss)
609 timing reifyNode:node_modules/semver Completed in 5939ms
610 timing reifyNode:node_modules/@aws-sdk/credential-provider-cognito-identity Completed in 5916ms
611 http fetch GET 200 https://registry.npmjs.org/@aws-sdk/middleware-retry/-/middleware-retry-3.272.0.tgz 5532ms (cache miss)
612 timing reifyNode:node_modules/@aws-sdk/middleware-retry Completed in 5922ms
613 timing reifyNode:node_modules/@aws-sdk/middleware-endpoint Completed in 5969ms
614 http fetch GET 200 https://registry.npmjs.org/@aws-sdk/signature-v4/-/signature-v4-3.272.0.tgz 5609ms (cache miss)
615 timing reifyNode:node_modules/@aws-sdk/signature-v4 Completed in 6001ms
616 timing reifyNode:node_modules/@aws-sdk/node-http-handler Completed in 6053ms
617 http fetch GET 200 https://registry.npmjs.org/uuid/-/uuid-8.3.2.tgz 5878ms (cache miss)
618 timing reifyNode:node_modules/uuid Completed in 6078ms
619 timing reifyNode:node_modules/@aws-sdk/shared-ini-file-loader Completed in 6075ms
620 http fetch GET 200 https://registry.npmjs.org/@aws-sdk/credential-providers/-/credential-providers-3.272.0.tgz 5686ms (cache miss)
621 timing reifyNode:node_modules/@aws-sdk/credential-providers Completed in 6087ms
622 http fetch GET 200 https://registry.npmjs.org/express-validator/-/express-validator-6.15.0.tgz 5900ms (cache miss)
623 timing reifyNode:node_modules/express-validator Completed in 6210ms
624 http fetch GET 200 https://registry.npmjs.org/@aws-sdk/credential-provider-imds/-/credential-provider-imds-3.272.0.tgz 5830ms (cache miss)
625 timing reifyNode:node_modules/@aws-sdk/credential-provider-imds Completed in 6246ms
626 http fetch GET 200 https://registry.npmjs.org/google-auth-library/-/google-auth-library-8.7.0.tgz 5996ms (cache miss)
627 http fetch GET 200 https://registry.npmjs.org/@aws-sdk/smithy-client/-/smithy-client-3.272.0.tgz 5900ms (cache miss)
628 timing reifyNode:node_modules/google-auth-library Completed in 6288ms
629 timing reifyNode:node_modules/@aws-sdk/smithy-client Completed in 6283ms
630 http fetch GET 200 https://registry.npmjs.org/node-forge/-/node-forge-1.3.1.tgz 6115ms (cache miss)
631 timing reifyNode:node_modules/node-forge Completed in 6375ms
632 http fetch GET 200 https://registry.npmjs.org/@aws-sdk/client-sso-oidc/-/client-sso-oidc-3.272.0.tgz 5975ms (cache miss)
633 timing reifyNode:node_modules/@aws-sdk/client-sso-oidc Completed in 6388ms
634 timing reifyNode:node_modules/@aws-sdk/config-resolver Completed in 6487ms
635 http fetch GET 200 https://registry.npmjs.org/@aws-sdk/client-sso/-/client-sso-3.272.0.tgz 6108ms (cache miss)
636 timing reifyNode:node_modules/@aws-sdk/client-sso Completed in 6535ms
637 http fetch GET 200 https://registry.npmjs.org/@aws-sdk/client-sts/-/client-sts-3.272.0.tgz 6184ms (cache miss)
638 timing reifyNode:node_modules/@aws-sdk/client-sts Completed in 6605ms
639 http fetch GET 200 https://registry.npmjs.org/@aws-sdk/types/-/types-3.272.0.tgz 6290ms (cache miss)
640 timing reifyNode:node_modules/@aws-sdk/types Completed in 6679ms
641 http fetch GET 200 https://registry.npmjs.org/bson/-/bson-4.7.2.tgz 6480ms (cache miss)
642 timing reifyNode:node_modules/bson Completed in 6801ms
643 http fetch GET 200 https://registry.npmjs.org/@aws-sdk/util-endpoints/-/util-endpoints-3.272.0.tgz 6598ms (cache miss)
644 timing reifyNode:node_modules/@aws-sdk/util-endpoints Completed in 6950ms
645 http fetch GET 200 https://registry.npmjs.org/@aws-sdk/client-cognito-identity/-/client-cognito-identity-3.272.0.tgz 6573ms (cache miss)
646 timing reifyNode:node_modules/@aws-sdk/client-cognito-identity Completed in 6992ms
647 http fetch GET 200 https://registry.npmjs.org/@types/node/-/node-18.14.0.tgz 6673ms (cache miss)
648 timing reifyNode:node_modules/@types/node Completed in 7015ms
649 http fetch GET 200 https://registry.npmjs.org/validator/-/validator-13.9.0.tgz 6901ms (cache miss)
650 timing reifyNode:node_modules/validator Completed in 7105ms
651 http fetch GET 200 https://registry.npmjs.org/mongoose/-/mongoose-6.9.2.tgz 7115ms (cache miss)
652 timing reifyNode:node_modules/mongoose Completed in 7376ms
653 http fetch GET 200 https://registry.npmjs.org/mongodb/-/mongodb-4.13.0.tgz 7206ms (cache miss)
654 timing reifyNode:node_modules/mongodb Completed in 7474ms
655 http fetch GET 200 https://registry.npmjs.org/lodash/-/lodash-4.17.21.tgz 8206ms (cache miss)
656 timing reifyNode:node_modules/lodash Completed in 8475ms
657 timing reify:unpack Completed in 8485ms
658 timing reify:unretire Completed in 0ms
659 timing build:queue Completed in 8ms
660 timing build:link:node_modules/mime Completed in 12ms
661 timing build:link:node_modules/fast-xml-parser Completed in 14ms
662 timing build:link:node_modules/semver Completed in 13ms
663 timing build:link:node_modules/google-p12-pem Completed in 14ms
664 timing build:link:node_modules/uuid Completed in 13ms
665 timing build:link Completed in 15ms
666 timing build:deps Completed in 24ms
667 timing build Completed in 25ms
668 timing reify:build Completed in 25ms
669 timing reify:trash Completed in 0ms
670 timing reify Completed in 8704ms
671 silly ADD node_modules/yallist
672 silly ADD node_modules/whatwg-url
673 silly ADD node_modules/webidl-conversions
674 silly ADD node_modules/vary
675 silly ADD node_modules/validator
676 silly ADD node_modules/uuid
677 silly ADD node_modules/utils-merge
678 silly ADD node_modules/unpipe
679 silly ADD node_modules/type-is
680 silly ADD node_modules/tslib
681 silly ADD node_modules/tr46
682 silly ADD node_modules/toidentifier
683 silly ADD node_modules/strnum
684 silly ADD node_modules/statuses
685 silly ADD node_modules/sparse-bitfield
686 silly ADD node_modules/socks
687 silly ADD node_modules/smart-buffer
688 silly ADD node_modules/sift
689 silly ADD node_modules/side-channel
690 silly ADD node_modules/setprototypeof
691 silly ADD node_modules/serve-static
692 silly ADD node_modules/send
693 silly ADD node_modules/send/node_modules/ms
694 silly ADD node_modules/semver
695 silly ADD node_modules/saslprep
696 silly ADD node_modules/safer-buffer
697 silly ADD node_modules/safe-buffer
698 silly ADD node_modules/raw-body
699 silly ADD node_modules/range-parser
700 silly ADD node_modules/qs
701 silly ADD node_modules/punycode
702 silly ADD node_modules/proxy-addr
703 silly ADD node_modules/path-to-regexp
704 silly ADD node_modules/parseurl
705 silly ADD node_modules/on-finished
706 silly ADD node_modules/object-inspect
707 silly ADD node_modules/object-assign
708 silly ADD node_modules/node-forge
709 silly ADD node_modules/node-fetch
710 silly ADD node_modules/node-fetch/node_modules/whatwg-url
711 silly ADD node_modules/node-fetch/node_modules/webidl-conversions
712 silly ADD node_modules/node-fetch/node_modules/tr46
713 silly ADD node_modules/negotiator
714 silly ADD node_modules/ms
715 silly ADD node_modules/mquery
716 silly ADD node_modules/mquery/node_modules/ms
717 silly ADD node_modules/mquery/node_modules/debug
718 silly ADD node_modules/mpath
719 silly ADD node_modules/mongoose
720 silly ADD node_modules/mongoose/node_modules/ms
721 silly ADD node_modules/mongodb-connection-string-url
722 silly ADD node_modules/mongodb
723 silly ADD node_modules/mime-types
724 silly ADD node_modules/mime-db
725 silly ADD node_modules/mime
726 silly ADD node_modules/methods
727 silly ADD node_modules/merge-descriptors
728 silly ADD node_modules/memory-pager
729 silly ADD node_modules/media-typer
730 silly ADD node_modules/lru-cache
731 silly ADD node_modules/lodash
732 silly ADD node_modules/kareem
733 silly ADD node_modules/jws
734 silly ADD node_modules/jwa
735 silly ADD node_modules/jsonwebtoken
736 silly ADD node_modules/jsonwebtoken/node_modules/ms
737 silly ADD node_modules/json-bigint
738 silly ADD node_modules/is-stream
739 silly ADD node_modules/ipaddr.js
740 silly ADD node_modules/ip
741 silly ADD node_modules/inherits
742 silly ADD node_modules/ieee754
743 silly ADD node_modules/iconv-lite
744 silly ADD node_modules/https-proxy-agent
745 silly ADD node_modules/https-proxy-agent/node_modules/ms
746 silly ADD node_modules/https-proxy-agent/node_modules/debug
747 silly ADD node_modules/http-errors
748 silly ADD node_modules/has-symbols
749 silly ADD node_modules/has
750 silly ADD node_modules/gtoken
751 silly ADD node_modules/gtoken/node_modules/jws
752 silly ADD node_modules/gtoken/node_modules/jwa
753 silly ADD node_modules/google-p12-pem
754 silly ADD node_modules/google-auth-library
755 silly ADD node_modules/google-auth-library/node_modules/jws
756 silly ADD node_modules/google-auth-library/node_modules/jwa
757 silly ADD node_modules/get-intrinsic
758 silly ADD node_modules/gcp-metadata
759 silly ADD node_modules/gaxios
760 silly ADD node_modules/function-bind
761 silly ADD node_modules/fresh
762 silly ADD node_modules/forwarded
763 silly ADD node_modules/finalhandler
764 silly ADD node_modules/fast-xml-parser
765 silly ADD node_modules/fast-text-encoding
766 silly ADD node_modules/extend
767 silly ADD node_modules/express-validator
768 silly ADD node_modules/express
769 silly ADD node_modules/etag
770 silly ADD node_modules/escape-html
771 silly ADD node_modules/encodeurl
772 silly ADD node_modules/ee-first
773 silly ADD node_modules/ecdsa-sig-formatter
774 silly ADD node_modules/dotenv
775 silly ADD node_modules/destroy
776 silly ADD node_modules/depd
777 silly ADD node_modules/debug
778 silly ADD node_modules/cors
779 silly ADD node_modules/cookie-signature
780 silly ADD node_modules/cookie
781 silly ADD node_modules/content-type
782 silly ADD node_modules/content-disposition
783 silly ADD node_modules/call-bind
784 silly ADD node_modules/bytes
785 silly ADD node_modules/buffer-equal-constant-time
786 silly ADD node_modules/buffer
787 silly ADD node_modules/bson
788 silly ADD node_modules/bowser
789 silly ADD node_modules/body-parser
790 silly ADD node_modules/bignumber.js
791 silly ADD node_modules/bcryptjs
792 silly ADD node_modules/base64-js
793 silly ADD node_modules/arrify
794 silly ADD node_modules/array-flatten
795 silly ADD node_modules/agent-base
796 silly ADD node_modules/agent-base/node_modules/ms
797 silly ADD node_modules/agent-base/node_modules/debug
798 silly ADD node_modules/accepts
799 silly ADD node_modules/@types/whatwg-url
800 silly ADD node_modules/@types/webidl-conversions
801 silly ADD node_modules/@types/node
802 silly ADD node_modules/@aws-sdk/util-utf8-browser
803 silly ADD node_modules/@aws-sdk/util-utf8
804 silly ADD node_modules/@aws-sdk/util-user-agent-node
805 silly ADD node_modules/@aws-sdk/util-user-agent-browser
806 silly ADD node_modules/@aws-sdk/util-uri-escape
807 silly ADD node_modules/@aws-sdk/util-retry
808 silly ADD node_modules/@aws-sdk/util-middleware
809 silly ADD node_modules/@aws-sdk/util-locate-window
810 silly ADD node_modules/@aws-sdk/util-hex-encoding
811 silly ADD node_modules/@aws-sdk/util-endpoints
812 silly ADD node_modules/@aws-sdk/util-defaults-mode-node
813 silly ADD node_modules/@aws-sdk/util-defaults-mode-browser
814 silly ADD node_modules/@aws-sdk/util-config-provider
815 silly ADD node_modules/@aws-sdk/util-buffer-from
816 silly ADD node_modules/@aws-sdk/util-body-length-node
817 silly ADD node_modules/@aws-sdk/util-body-length-browser
818 silly ADD node_modules/@aws-sdk/util-base64
819 silly ADD node_modules/@aws-sdk/url-parser
820 silly ADD node_modules/@aws-sdk/types
821 silly ADD node_modules/@aws-sdk/token-providers
822 silly ADD node_modules/@aws-sdk/smithy-client
823 silly ADD node_modules/@aws-sdk/signature-v4
824 silly ADD node_modules/@aws-sdk/shared-ini-file-loader
825 silly ADD node_modules/@aws-sdk/service-error-classification
826 silly ADD node_modules/@aws-sdk/querystring-parser
827 silly ADD node_modules/@aws-sdk/querystring-builder
828 silly ADD node_modules/@aws-sdk/protocol-http
829 silly ADD node_modules/@aws-sdk/property-provider
830 silly ADD node_modules/@aws-sdk/node-http-handler
831 silly ADD node_modules/@aws-sdk/node-config-provider
832 silly ADD node_modules/@aws-sdk/middleware-user-agent
833 silly ADD node_modules/@aws-sdk/middleware-stack
834 silly ADD node_modules/@aws-sdk/middleware-signing
835 silly ADD node_modules/@aws-sdk/middleware-serde
836 silly ADD node_modules/@aws-sdk/middleware-sdk-sts
837 silly ADD node_modules/@aws-sdk/middleware-retry
838 silly ADD node_modules/@aws-sdk/middleware-recursion-detection
839 silly ADD node_modules/@aws-sdk/middleware-logger
840 silly ADD node_modules/@aws-sdk/middleware-host-header
841 silly ADD node_modules/@aws-sdk/middleware-endpoint
842 silly ADD node_modules/@aws-sdk/middleware-content-length
843 silly ADD node_modules/@aws-sdk/is-array-buffer
844 silly ADD node_modules/@aws-sdk/invalid-dependency
845 silly ADD node_modules/@aws-sdk/hash-node
846 silly ADD node_modules/@aws-sdk/fetch-http-handler
847 silly ADD node_modules/@aws-sdk/credential-providers
848 silly ADD node_modules/@aws-sdk/credential-provider-web-identity
849 silly ADD node_modules/@aws-sdk/credential-provider-sso
850 silly ADD node_modules/@aws-sdk/credential-provider-process
851 silly ADD node_modules/@aws-sdk/credential-provider-node
852 silly ADD node_modules/@aws-sdk/credential-provider-ini
853 silly ADD node_modules/@aws-sdk/credential-provider-imds
854 silly ADD node_modules/@aws-sdk/credential-provider-env
855 silly ADD node_modules/@aws-sdk/credential-provider-cognito-identity
856 silly ADD node_modules/@aws-sdk/config-resolver
857 silly ADD node_modules/@aws-sdk/client-sts
858 silly ADD node_modules/@aws-sdk/client-sso-oidc
859 silly ADD node_modules/@aws-sdk/client-sso
860 silly ADD node_modules/@aws-sdk/client-cognito-identity
861 silly ADD node_modules/@aws-sdk/abort-controller
862 silly ADD node_modules/@aws-crypto/util
863 silly ADD node_modules/@aws-crypto/util/node_modules/tslib
864 silly ADD node_modules/@aws-crypto/supports-web-crypto
865 silly ADD node_modules/@aws-crypto/supports-web-crypto/node_modules/tslib
866 silly ADD node_modules/@aws-crypto/sha256-js
867 silly ADD node_modules/@aws-crypto/sha256-js/node_modules/tslib
868 silly ADD node_modules/@aws-crypto/sha256-browser
869 silly ADD node_modules/@aws-crypto/sha256-browser/node_modules/tslib
870 silly ADD node_modules/@aws-crypto/ie11-detection
871 silly ADD node_modules/@aws-crypto/ie11-detection/node_modules/tslib
872 timing command:ci Completed in 12228ms
873 notice
873 notice New [33mminor[39m version of npm available! [31m9.4.1[39m -> [32m9.6.0[39m
873 notice Changelog: [36mhttps://github.com/npm/cli/releases/tag/v9.6.0[39m
873 notice Run [32mnpm install -g npm@9.6.0[39m to update!
873 notice
874 verbose exit 0
875 timing npm Completed in 12288ms
876 info ok
